<?xml version="1.0" encoding="UTF-8"?>
<!-- Generated by org.testng.reporters.JUnitXMLReporter -->
<testsuite ignored="0" hostname="DESKTOP-JPSNKQ1" failures="0" tests="8" name="Default test" time="107.082" errors="0" timestamp="2022-01-02T23:11:15 IST">
  <testcase classname="TestCases.LoginTestCases" name="verifyTitle" time="0.033"/>
  <testcase classname="TestCases.LoginTestCases" name="checkButton" time="0.105"/>
  <testcase classname="TestCases.LoginTestCases" name="userRequire" time="0.33"/>
  <testcase classname="TestCases.LoginTestCases" name="passwordRequire" time="0.192"/>
  <testcase classname="TestCases.LoginTestCases" name="passwordLenght" time="0.242"/>
  <testcase classname="TestCases.LoginTestCases" name="Login0" time="2.828"/>
  <testcase classname="TestCases.LoginTestCases" name="Login1" time="1.026"/>
  <testcase classname="TestCases.LoginTestCases" name="Login2" time="1.049"/>
</testsuite> <!-- Default test -->
