<?xml version="1.0" encoding="UTF-8"?>
<!-- Generated by org.testng.reporters.JUnitXMLReporter -->
<testsuite ignored="0" hostname="DESKTOP-JPSNKQ1" failures="0" tests="10" name="Default test" time="35.242" errors="0" timestamp="2022-02-02T17:23:54 IST">
  <testcase classname="TestCases.WeightUnitMasterTestCases" name="Login" time="6.185"/>
  <testcase classname="TestCases.WeightUnitMasterTestCases" name="gotoMenu" time="1.011"/>
  <testcase classname="TestCases.WeightUnitMasterTestCases" name="verifyTitle" time="0.447"/>
  <testcase classname="TestCases.WeightUnitMasterTestCases" name="checkAddButton" time="1.143"/>
  <testcase classname="TestCases.WeightUnitMasterTestCases" name="checkErrorMsg" time="1.592"/>
  <testcase classname="TestCases.WeightUnitMasterTestCases" name="addData" time="2.546"/>
  <testcase classname="TestCases.WeightUnitMasterTestCases" name="existData" time="2.678"/>
  <testcase classname="TestCases.WeightUnitMasterTestCases" name="editData" time="2.934"/>
  <testcase classname="TestCases.WeightUnitMasterTestCases" name="editExistData" time="2.898"/>
  <testcase classname="TestCases.WeightUnitMasterTestCases" name="deleteData" time="7.625"/>
</testsuite> <!-- Default test -->
