<?xml version="1.0" encoding="UTF-8"?>
<!-- Generated by org.testng.reporters.JUnitXMLReporter -->
<testsuite ignored="0" hostname="DESKTOP-JPSNKQ1" failures="0" tests="8" name="Default test" time="159.767" errors="0" timestamp="2022-01-03T17:36:42 IST">
  <testcase classname="TestCases.LoginTestCases" name="verifyTitle" time="0.034"/>
  <testcase classname="TestCases.LoginTestCases" name="checkButton" time="0.127"/>
  <testcase classname="TestCases.LoginTestCases" name="userRequire" time="0.345"/>
  <testcase classname="TestCases.LoginTestCases" name="passwordRequire" time="0.198"/>
  <testcase classname="TestCases.LoginTestCases" name="passwordLenght" time="0.249"/>
  <testcase classname="TestCases.LoginTestCases" name="Login0" time="1.926"/>
  <testcase classname="TestCases.LoginTestCases" name="Login1" time="1.577"/>
  <testcase classname="TestCases.LoginTestCases" name="Login2" time="1.424"/>
</testsuite> <!-- Default test -->
