<?xml version="1.0" encoding="UTF-8"?>
<!-- Generated by org.testng.reporters.JUnitXMLReporter -->
<testsuite ignored="0" hostname="DESKTOP-JPSNKQ1" failures="0" tests="8" name="Default test" time="116.438" errors="0" timestamp="2022-01-05T19:00:37 IST">
  <testcase classname="TestCases.LoginTestCases" name="@BeforeMethod setup" time="-1.641389437058E9">
    <failure type="org.testng.TestNGException" message="
Can inject only one of &amp;lt;ITestContext, XmlTest, Method, Object[], ITestResult&amp;gt; into a @BeforeMethod annotated setup.
For more information on native dependency injection please refer to https://testng.org/doc/documentation-main.html#native-dependency-injection">
      <![CDATA[org.testng.TestNGException: 
Can inject only one of <ITestContext, XmlTest, Method, Object[], ITestResult> into a @BeforeMethod annotated setup.
For more information on native dependency injection please refer to https://testng.org/doc/documentation-main.html#native-dependency-injection
at org.testng.internal.Parameters.checkParameterTypes(Parameters.java:439)
at org.testng.internal.Parameters.createParametersForMethod(Parameters.java:353)
at org.testng.internal.Parameters.createParameters(Parameters.java:708)
at org.testng.internal.Parameters.createConfigurationParameters(Parameters.java:168)
at org.testng.internal.ConfigInvoker.invokeConfigurations(ConfigInvoker.java:302)
at org.testng.internal.TestInvoker.runConfigMethods(TestInvoker.java:700)
at org.testng.internal.TestInvoker.invokeMethod(TestInvoker.java:527)
at org.testng.internal.TestInvoker.invokeTestMethod(TestInvoker.java:173)
at org.testng.internal.MethodRunner.runInSequence(MethodRunner.java:46)
at org.testng.internal.TestInvoker$MethodInvocationAgent.invoke(TestInvoker.java:824)
at org.testng.internal.TestInvoker.invokeTestMethods(TestInvoker.java:146)
at org.testng.internal.TestMethodWorker.invokeTestMethods(TestMethodWorker.java:146)
at org.testng.internal.TestMethodWorker.run(TestMethodWorker.java:128)
at java.base/java.util.ArrayList.forEach(ArrayList.java:1511)
at org.testng.TestRunner.privateRun(TestRunner.java:794)
at org.testng.TestRunner.run(TestRunner.java:596)
at org.testng.SuiteRunner.runTest(SuiteRunner.java:377)
at org.testng.SuiteRunner.runSequentially(SuiteRunner.java:371)
at org.testng.SuiteRunner.privateRun(SuiteRunner.java:332)
at org.testng.SuiteRunner.run(SuiteRunner.java:276)
at org.testng.SuiteRunnerWorker.runSuite(SuiteRunnerWorker.java:53)
at org.testng.SuiteRunnerWorker.run(SuiteRunnerWorker.java:96)
at org.testng.TestNG.runSuitesSequentially(TestNG.java:1212)
at org.testng.TestNG.runSuitesLocally(TestNG.java:1134)
at org.testng.TestNG.runSuites(TestNG.java:1063)
at org.testng.TestNG.run(TestNG.java:1031)
at org.testng.remote.AbstractRemoteTestNG.run(AbstractRemoteTestNG.java:115)
at org.testng.remote.RemoteTestNG.initAndRun(RemoteTestNG.java:251)
at org.testng.remote.RemoteTestNG.main(RemoteTestNG.java:77)
]]>
    </failure>
  </testcase> <!-- @BeforeMethod setup -->
  <testcase classname="TestCases.LoginTestCases" name="@BeforeMethod setup" time="-1.64138943715E9">
    <skipped/>
  </testcase> <!-- @BeforeMethod setup -->
  <testcase classname="TestCases.LoginTestCases" name="@BeforeMethod setup" time="-1.641389437198E9">
    <skipped/>
  </testcase> <!-- @BeforeMethod setup -->
  <testcase classname="TestCases.LoginTestCases" name="@BeforeMethod setup" time="-1.641389437292E9">
    <skipped/>
  </testcase> <!-- @BeforeMethod setup -->
  <testcase classname="TestCases.LoginTestCases" name="@BeforeMethod setup" time="-1.64138943734E9">
    <skipped/>
  </testcase> <!-- @BeforeMethod setup -->
  <testcase classname="TestCases.LoginTestCases" name="@BeforeMethod setup" time="-1.641389437367E9">
    <skipped/>
  </testcase> <!-- @BeforeMethod setup -->
  <testcase classname="TestCases.LoginTestCases" name="@BeforeMethod setup" time="-1.641389437458E9">
    <skipped/>
  </testcase> <!-- @BeforeMethod setup -->
  <testcase classname="TestCases.LoginTestCases" name="@BeforeMethod setup" time="-1.641389437485E9">
    <skipped/>
  </testcase> <!-- @BeforeMethod setup -->
  <testcase classname="TestCases.LoginTestCases" name="@AfterTest quit" time="-1.641389437529E9">
    <skipped/>
  </testcase> <!-- @AfterTest quit -->
  <testcase classname="TestCases.LoginTestCases" name="verifyTitle" time="0.0">
    <skipped/>
  </testcase> <!-- verifyTitle -->
  <testcase classname="TestCases.LoginTestCases" name="checkButton" time="0.0">
    <skipped/>
  </testcase> <!-- checkButton -->
  <testcase classname="TestCases.LoginTestCases" name="userRequire" time="0.0">
    <skipped/>
  </testcase> <!-- userRequire -->
  <testcase classname="TestCases.LoginTestCases" name="passwordRequire" time="0.0">
    <skipped/>
  </testcase> <!-- passwordRequire -->
  <testcase classname="TestCases.LoginTestCases" name="passwordLenght" time="0.0">
    <skipped/>
  </testcase> <!-- passwordLenght -->
  <testcase classname="TestCases.LoginTestCases" name="Login0" time="0.0">
    <skipped/>
  </testcase> <!-- Login0 -->
  <testcase classname="TestCases.LoginTestCases" name="Login1" time="0.0">
    <skipped/>
  </testcase> <!-- Login1 -->
  <testcase classname="TestCases.LoginTestCases" name="Login2" time="0.0">
    <skipped/>
  </testcase> <!-- Login2 -->
</testsuite> <!-- Default test -->
