<?xml version="1.0" encoding="UTF-8"?>
<testng-results ignored="0" total="8" passed="8" failed="0" skipped="0">
  <reporter-output>
  </reporter-output>
  <suite started-at="2022-01-02T23:09:28 IST" name="Default suite" finished-at="2022-01-02T23:11:15 IST" duration-ms="107082">
    <groups>
    </groups>
    <test started-at="2022-01-02T23:09:28 IST" name="Default test" finished-at="2022-01-02T23:11:15 IST" duration-ms="107082">
      <class name="TestCases.LoginTestCases">
        <test-method is-config="true" signature="initDriver()[pri:0, instance:TestCases.LoginTestCases@2805d709]" started-at="2022-01-02T23:09:22 IST" name="initDriver" finished-at="2022-01-02T23:09:28 IST" duration-ms="5345" status="PASS">
          <reporter-output>
          </reporter-output>
        </test-method> <!-- initDriver -->
        <test-method is-config="true" signature="openBrowser()[pri:0, instance:TestCases.LoginTestCases@2805d709]" started-at="2022-01-02T23:09:28 IST" name="openBrowser" finished-at="2022-01-02T23:11:08 IST" duration-ms="100914" status="PASS">
          <reporter-output>
          </reporter-output>
        </test-method> <!-- openBrowser -->
        <test-method signature="verifyTitle()[pri:0, instance:TestCases.LoginTestCases@2805d709]" started-at="2022-01-02T23:11:09 IST" name="verifyTitle" finished-at="2022-01-02T23:11:09 IST" duration-ms="33" status="PASS">
          <reporter-output>
          </reporter-output>
        </test-method> <!-- verifyTitle -->
        <test-method signature="checkButton()[pri:1, instance:TestCases.LoginTestCases@2805d709]" started-at="2022-01-02T23:11:09 IST" name="checkButton" finished-at="2022-01-02T23:11:09 IST" duration-ms="105" status="PASS">
          <reporter-output>
          </reporter-output>
        </test-method> <!-- checkButton -->
        <test-method signature="userRequire()[pri:2, instance:TestCases.LoginTestCases@2805d709]" started-at="2022-01-02T23:11:09 IST" name="userRequire" finished-at="2022-01-02T23:11:09 IST" duration-ms="330" status="PASS">
          <reporter-output>
          </reporter-output>
        </test-method> <!-- userRequire -->
        <test-method signature="passwordRequire()[pri:3, instance:TestCases.LoginTestCases@2805d709]" started-at="2022-01-02T23:11:09 IST" name="passwordRequire" finished-at="2022-01-02T23:11:09 IST" duration-ms="192" status="PASS">
          <reporter-output>
          </reporter-output>
        </test-method> <!-- passwordRequire -->
        <test-method signature="passwordLenght()[pri:4, instance:TestCases.LoginTestCases@2805d709]" started-at="2022-01-02T23:11:09 IST" name="passwordLenght" finished-at="2022-01-02T23:11:09 IST" duration-ms="242" status="PASS">
          <reporter-output>
          </reporter-output>
        </test-method> <!-- passwordLenght -->
        <test-method signature="Login0()[pri:5, instance:TestCases.LoginTestCases@2805d709]" started-at="2022-01-02T23:11:09 IST" name="Login0" finished-at="2022-01-02T23:11:12 IST" duration-ms="2828" status="PASS">
          <reporter-output>
          </reporter-output>
        </test-method> <!-- Login0 -->
        <test-method signature="Login1()[pri:6, instance:TestCases.LoginTestCases@2805d709]" started-at="2022-01-02T23:11:12 IST" name="Login1" finished-at="2022-01-02T23:11:13 IST" duration-ms="1026" status="PASS">
          <reporter-output>
          </reporter-output>
        </test-method> <!-- Login1 -->
        <test-method signature="Login2()[pri:7, instance:TestCases.LoginTestCases@2805d709]" started-at="2022-01-02T23:11:13 IST" name="Login2" finished-at="2022-01-02T23:11:14 IST" duration-ms="1049" status="PASS">
          <reporter-output>
          </reporter-output>
        </test-method> <!-- Login2 -->
        <test-method is-config="true" signature="quit()[pri:0, instance:TestCases.LoginTestCases@2805d709]" started-at="2022-01-02T23:11:14 IST" name="quit" finished-at="2022-01-02T23:11:15 IST" duration-ms="223" status="PASS">
          <reporter-output>
          </reporter-output>
        </test-method> <!-- quit -->
      </class> <!-- TestCases.LoginTestCases -->
    </test> <!-- Default test -->
  </suite> <!-- Default suite -->
</testng-results>
