<?xml version="1.0" encoding="UTF-8"?>
<testng-results ignored="0" total="4" passed="4" failed="0" skipped="0">
  <reporter-output>
  </reporter-output>
  <suite started-at="2022-01-07T15:07:11 IST" name="Default suite" finished-at="2022-01-07T15:08:12 IST" duration-ms="60777">
    <groups>
    </groups>
    <test started-at="2022-01-07T15:07:11 IST" name="Default test" finished-at="2022-01-07T15:08:12 IST" duration-ms="60777">
      <class name="TestCases.PromotionTestCases">
        <test-method is-config="true" signature="initDriver()[pri:0, instance:TestCases.PromotionTestCases@3ee37e5a]" started-at="2022-01-07T15:06:55 IST" name="initDriver" finished-at="2022-01-07T15:07:11 IST" duration-ms="16532" status="PASS">
          <reporter-output>
          </reporter-output>
        </test-method> <!-- initDriver -->
        <test-method is-config="true" signature="openBrowser()[pri:0, instance:TestCases.PromotionTestCases@3ee37e5a]" started-at="2022-01-07T15:07:11 IST" name="openBrowser" finished-at="2022-01-07T15:07:52 IST" duration-ms="40364" status="PASS">
          <reporter-output>
          </reporter-output>
        </test-method> <!-- openBrowser -->
        <test-method signature="Login()[pri:0, instance:TestCases.PromotionTestCases@3ee37e5a]" started-at="2022-01-07T15:07:52 IST" name="Login" finished-at="2022-01-07T15:07:52 IST" duration-ms="365" status="PASS">
          <reporter-output>
          </reporter-output>
        </test-method> <!-- Login -->
        <test-method signature="gotoMenu()[pri:1, instance:TestCases.PromotionTestCases@3ee37e5a]" started-at="2022-01-07T15:07:52 IST" name="gotoMenu" finished-at="2022-01-07T15:08:01 IST" duration-ms="9239" status="PASS">
          <reporter-output>
          </reporter-output>
        </test-method> <!-- gotoMenu -->
        <test-method signature="verifyTitle()[pri:2, instance:TestCases.PromotionTestCases@3ee37e5a]" started-at="2022-01-07T15:08:01 IST" name="verifyTitle" finished-at="2022-01-07T15:08:01 IST" duration-ms="85" status="PASS">
          <reporter-output>
          </reporter-output>
        </test-method> <!-- verifyTitle -->
        <test-method signature="checkAddButton()[pri:4, instance:TestCases.PromotionTestCases@3ee37e5a]" started-at="2022-01-07T15:08:01 IST" name="checkAddButton" finished-at="2022-01-07T15:08:04 IST" duration-ms="2992" status="PASS">
          <reporter-output>
          </reporter-output>
        </test-method> <!-- checkAddButton -->
        <test-method is-config="true" signature="quit()[pri:0, instance:TestCases.PromotionTestCases@3ee37e5a]" started-at="2022-01-07T15:08:04 IST" name="quit" finished-at="2022-01-07T15:08:12 IST" duration-ms="7579" status="FAIL">
          <exception class="org.openqa.selenium.NoSuchSessionException">
            <message>
              <![CDATA[Tried to run command without establishing a connection
Build info: version: '4.1.1', revision: 'e8fcc2cecf'
System info: host: 'DESKTOP-JPSNKQ1', ip: '192.168.43.151', os.name: 'Windows 10', os.arch: 'amd64', os.version: '10.0', java.version: '16.0.2'
Driver info: org.openqa.selenium.firefox.FirefoxDriver
Command: [5aedb3dd-1560-4f77-a868-099273d64336, quit {}]
Capabilities {acceptInsecureCerts: true, browserName: firefox, browserVersion: 95.0.2, javascriptEnabled: true, moz:accessibilityChecks: false, moz:buildID: 20211218203254, moz:debuggerAddress: localhost:58840, moz:geckodriverVersion: 0.30.0, moz:headless: false, moz:processID: 21228, moz:profile: C:\Users\jeeny\AppData\Loca..., moz:shutdownTimeout: 60000, moz:useNonSpecCompliantPointerOrigin: false, moz:webdriverClick: true, pageLoadStrategy: normal, platform: WINDOWS, platformName: WINDOWS, platformVersion: 10.0, proxy: Proxy(), se:cdp: ws://localhost:58840/devtoo..., se:cdpVersion: 85, setWindowRect: true, strictFileInteractability: false, timeouts: {implicit: 0, pageLoad: 300000, script: 30000}, unhandledPromptBehavior: dismiss and notify}
Session ID: 5aedb3dd-1560-4f77-a868-099273d64336]]>
            </message>
            <full-stacktrace>
              <![CDATA[org.openqa.selenium.NoSuchSessionException: Tried to run command without establishing a connection
Build info: version: '4.1.1', revision: 'e8fcc2cecf'
System info: host: 'DESKTOP-JPSNKQ1', ip: '192.168.43.151', os.name: 'Windows 10', os.arch: 'amd64', os.version: '10.0', java.version: '16.0.2'
Driver info: org.openqa.selenium.firefox.FirefoxDriver
Command: [5aedb3dd-1560-4f77-a868-099273d64336, quit {}]
Capabilities {acceptInsecureCerts: true, browserName: firefox, browserVersion: 95.0.2, javascriptEnabled: true, moz:accessibilityChecks: false, moz:buildID: 20211218203254, moz:debuggerAddress: localhost:58840, moz:geckodriverVersion: 0.30.0, moz:headless: false, moz:processID: 21228, moz:profile: C:\Users\jeeny\AppData\Loca..., moz:shutdownTimeout: 60000, moz:useNonSpecCompliantPointerOrigin: false, moz:webdriverClick: true, pageLoadStrategy: normal, platform: WINDOWS, platformName: WINDOWS, platformVersion: 10.0, proxy: Proxy(), se:cdp: ws://localhost:58840/devtoo..., se:cdpVersion: 85, setWindowRect: true, strictFileInteractability: false, timeouts: {implicit: 0, pageLoad: 300000, script: 30000}, unhandledPromptBehavior: dismiss and notify}
Session ID: 5aedb3dd-1560-4f77-a868-099273d64336
at java.base/jdk.internal.reflect.NativeConstructorAccessorImpl.newInstance0(Native Method)
at java.base/jdk.internal.reflect.NativeConstructorAccessorImpl.newInstance(NativeConstructorAccessorImpl.java:78)
at java.base/jdk.internal.reflect.DelegatingConstructorAccessorImpl.newInstance(DelegatingConstructorAccessorImpl.java:45)
at java.base/java.lang.reflect.Constructor.newInstanceWithCaller(Constructor.java:499)
at java.base/java.lang.reflect.Constructor.newInstance(Constructor.java:480)
at org.openqa.selenium.remote.codec.w3c.W3CHttpResponseCodec.createException(W3CHttpResponseCodec.java:200)
at org.openqa.selenium.remote.codec.w3c.W3CHttpResponseCodec.decode(W3CHttpResponseCodec.java:133)
at org.openqa.selenium.remote.codec.w3c.W3CHttpResponseCodec.decode(W3CHttpResponseCodec.java:53)
at org.openqa.selenium.remote.HttpCommandExecutor.execute(HttpCommandExecutor.java:184)
at org.openqa.selenium.remote.service.DriverCommandExecutor.invokeExecute(DriverCommandExecutor.java:167)
at org.openqa.selenium.remote.service.DriverCommandExecutor.lambda$execute$1(DriverCommandExecutor.java:105)
at java.base/java.util.concurrent.CompletableFuture$AsyncSupply.run(CompletableFuture.java:1764)
at java.base/java.util.concurrent.ThreadPoolExecutor.runWorker(ThreadPoolExecutor.java:1130)
at java.base/java.util.concurrent.ThreadPoolExecutor$Worker.run(ThreadPoolExecutor.java:630)
at java.base/java.lang.Thread.run(Thread.java:831)
]]>
            </full-stacktrace>
          </exception> <!-- org.openqa.selenium.NoSuchSessionException -->
          <reporter-output>
          </reporter-output>
        </test-method> <!-- quit -->
      </class> <!-- TestCases.PromotionTestCases -->
    </test> <!-- Default test -->
  </suite> <!-- Default suite -->
</testng-results>
