<?xml version="1.0" encoding="UTF-8"?>
<testng-results ignored="0" total="8" passed="8" failed="0" skipped="0">
  <reporter-output>
  </reporter-output>
  <suite started-at="2022-01-03T17:34:02 IST" name="Default suite" finished-at="2022-01-03T17:36:42 IST" duration-ms="159767">
    <groups>
    </groups>
    <test started-at="2022-01-03T17:34:02 IST" name="Default test" finished-at="2022-01-03T17:36:42 IST" duration-ms="159767">
      <class name="TestCases.LoginTestCases">
        <test-method is-config="true" signature="initDriver()[pri:0, instance:TestCases.LoginTestCases@ffaa6af]" started-at="2022-01-03T17:33:56 IST" name="initDriver" finished-at="2022-01-03T17:34:02 IST" duration-ms="5871" status="PASS">
          <reporter-output>
          </reporter-output>
        </test-method> <!-- initDriver -->
        <test-method is-config="true" signature="openBrowser()[pri:0, instance:TestCases.LoginTestCases@ffaa6af]" started-at="2022-01-03T17:34:02 IST" name="openBrowser" finished-at="2022-01-03T17:36:35 IST" duration-ms="153453" status="PASS">
          <reporter-output>
          </reporter-output>
        </test-method> <!-- openBrowser -->
        <test-method signature="verifyTitle()[pri:0, instance:TestCases.LoginTestCases@ffaa6af]" started-at="2022-01-03T17:36:35 IST" name="verifyTitle" finished-at="2022-01-03T17:36:35 IST" duration-ms="34" status="PASS">
          <reporter-output>
          </reporter-output>
        </test-method> <!-- verifyTitle -->
        <test-method signature="checkButton()[pri:1, instance:TestCases.LoginTestCases@ffaa6af]" started-at="2022-01-03T17:36:35 IST" name="checkButton" finished-at="2022-01-03T17:36:36 IST" duration-ms="127" status="PASS">
          <reporter-output>
          </reporter-output>
        </test-method> <!-- checkButton -->
        <test-method signature="userRequire()[pri:2, instance:TestCases.LoginTestCases@ffaa6af]" started-at="2022-01-03T17:36:36 IST" name="userRequire" finished-at="2022-01-03T17:36:36 IST" duration-ms="345" status="PASS">
          <reporter-output>
          </reporter-output>
        </test-method> <!-- userRequire -->
        <test-method signature="passwordRequire()[pri:3, instance:TestCases.LoginTestCases@ffaa6af]" started-at="2022-01-03T17:36:36 IST" name="passwordRequire" finished-at="2022-01-03T17:36:36 IST" duration-ms="198" status="PASS">
          <reporter-output>
          </reporter-output>
        </test-method> <!-- passwordRequire -->
        <test-method signature="passwordLenght()[pri:4, instance:TestCases.LoginTestCases@ffaa6af]" started-at="2022-01-03T17:36:36 IST" name="passwordLenght" finished-at="2022-01-03T17:36:36 IST" duration-ms="249" status="PASS">
          <reporter-output>
          </reporter-output>
        </test-method> <!-- passwordLenght -->
        <test-method signature="Login0()[pri:5, instance:TestCases.LoginTestCases@ffaa6af]" started-at="2022-01-03T17:36:36 IST" name="Login0" finished-at="2022-01-03T17:36:38 IST" duration-ms="1926" status="PASS">
          <reporter-output>
          </reporter-output>
        </test-method> <!-- Login0 -->
        <test-method signature="Login1()[pri:6, instance:TestCases.LoginTestCases@ffaa6af]" started-at="2022-01-03T17:36:38 IST" name="Login1" finished-at="2022-01-03T17:36:40 IST" duration-ms="1577" status="PASS">
          <reporter-output>
          </reporter-output>
        </test-method> <!-- Login1 -->
        <test-method signature="Login2()[pri:7, instance:TestCases.LoginTestCases@ffaa6af]" started-at="2022-01-03T17:36:40 IST" name="Login2" finished-at="2022-01-03T17:36:41 IST" duration-ms="1424" status="PASS">
          <reporter-output>
          </reporter-output>
        </test-method> <!-- Login2 -->
        <test-method is-config="true" signature="quit()[pri:0, instance:TestCases.LoginTestCases@ffaa6af]" started-at="2022-01-03T17:36:41 IST" name="quit" finished-at="2022-01-03T17:36:42 IST" duration-ms="287" status="PASS">
          <reporter-output>
          </reporter-output>
        </test-method> <!-- quit -->
      </class> <!-- TestCases.LoginTestCases -->
    </test> <!-- Default test -->
  </suite> <!-- Default suite -->
</testng-results>
