<?xml version="1.0" encoding="UTF-8"?>
<testng-results ignored="0" total="5" passed="5" failed="0" skipped="0">
  <reporter-output>
  </reporter-output>
  <suite started-at="2022-01-05T11:29:50 IST" name="Default suite" finished-at="2022-01-05T11:32:26 IST" duration-ms="155520">
    <groups>
    </groups>
    <test started-at="2022-01-05T11:29:50 IST" name="Default test" finished-at="2022-01-05T11:32:26 IST" duration-ms="155520">
      <class name="TestCases.VehicleColorMasterTestCases">
        <test-method is-config="true" signature="initDriver()[pri:0, instance:TestCases.VehicleColorMasterTestCases@2ea41516]" started-at="2022-01-05T11:29:44 IST" name="initDriver" finished-at="2022-01-05T11:29:50 IST" duration-ms="6142" status="PASS">
          <reporter-output>
          </reporter-output>
        </test-method> <!-- initDriver -->
        <test-method is-config="true" signature="openBrowser()[pri:0, instance:TestCases.VehicleColorMasterTestCases@2ea41516]" started-at="2022-01-05T11:29:50 IST" name="openBrowser" finished-at="2022-01-05T11:31:35 IST" duration-ms="104746" status="PASS">
          <reporter-output>
          </reporter-output>
        </test-method> <!-- openBrowser -->
        <test-method signature="Login()[pri:0, instance:TestCases.VehicleColorMasterTestCases@2ea41516]" started-at="2022-01-05T11:31:35 IST" name="Login" finished-at="2022-01-05T11:31:37 IST" duration-ms="1954" status="PASS">
          <reporter-output>
          </reporter-output>
        </test-method> <!-- Login -->
        <test-method signature="gotoMenu()[pri:1, instance:TestCases.VehicleColorMasterTestCases@2ea41516]" started-at="2022-01-05T11:31:37 IST" name="gotoMenu" finished-at="2022-01-05T11:31:44 IST" duration-ms="6491" status="PASS">
          <reporter-output>
          </reporter-output>
        </test-method> <!-- gotoMenu -->
        <test-method signature="verifyTitle()[pri:2, instance:TestCases.VehicleColorMasterTestCases@2ea41516]" started-at="2022-01-05T11:31:44 IST" name="verifyTitle" finished-at="2022-01-05T11:31:44 IST" duration-ms="46" status="PASS">
          <reporter-output>
          </reporter-output>
        </test-method> <!-- verifyTitle -->
        <test-method signature="checkSnackbar()[pri:3, instance:TestCases.VehicleColorMasterTestCases@2ea41516]" started-at="2022-01-05T11:31:44 IST" name="checkSnackbar" finished-at="2022-01-05T11:32:14 IST" duration-ms="30201" status="PASS">
          <reporter-output>
          </reporter-output>
        </test-method> <!-- checkSnackbar -->
        <test-method signature="checkAddButton()[pri:4, instance:TestCases.VehicleColorMasterTestCases@2ea41516]" started-at="2022-01-05T11:32:14 IST" name="checkAddButton" finished-at="2022-01-05T11:32:25 IST" duration-ms="11454" status="PASS">
          <reporter-output>
          </reporter-output>
        </test-method> <!-- checkAddButton -->
        <test-method is-config="true" signature="quit()[pri:0, instance:TestCases.VehicleColorMasterTestCases@2ea41516]" started-at="2022-01-05T11:32:25 IST" name="quit" finished-at="2022-01-05T11:32:26 IST" duration-ms="446" status="PASS">
          <reporter-output>
          </reporter-output>
        </test-method> <!-- quit -->
      </class> <!-- TestCases.VehicleColorMasterTestCases -->
    </test> <!-- Default test -->
  </suite> <!-- Default suite -->
</testng-results>
