<?xml version="1.0" encoding="UTF-8"?>
<testng-results ignored="0" total="10" passed="10" failed="0" skipped="0">
  <reporter-output>
  </reporter-output>
  <suite started-at="2022-02-02T17:23:19 IST" name="Default suite" finished-at="2022-02-02T17:23:54 IST" duration-ms="35242">
    <groups>
    </groups>
    <test started-at="2022-02-02T17:23:19 IST" name="Default test" finished-at="2022-02-02T17:23:54 IST" duration-ms="35242">
      <class name="TestCases.WeightUnitMasterTestCases">
        <test-method is-config="true" signature="initDriver()[pri:0, instance:TestCases.WeightUnitMasterTestCases@290222c1]" started-at="2022-02-02T17:23:13 IST" name="initDriver" finished-at="2022-02-02T17:23:19 IST" duration-ms="5811" status="PASS">
          <reporter-output>
          </reporter-output>
        </test-method> <!-- initDriver -->
        <test-method is-config="true" signature="openBrowser()[pri:0, instance:TestCases.WeightUnitMasterTestCases@290222c1]" started-at="2022-02-02T17:23:19 IST" name="openBrowser" finished-at="2022-02-02T17:23:23 IST" duration-ms="4633" status="PASS">
          <reporter-output>
          </reporter-output>
        </test-method> <!-- openBrowser -->
        <test-method signature="Login()[pri:0, instance:TestCases.WeightUnitMasterTestCases@290222c1]" started-at="2022-02-02T17:23:23 IST" name="Login" finished-at="2022-02-02T17:23:29 IST" duration-ms="6185" status="PASS">
          <reporter-output>
          </reporter-output>
        </test-method> <!-- Login -->
        <test-method signature="gotoMenu()[pri:1, instance:TestCases.WeightUnitMasterTestCases@290222c1]" started-at="2022-02-02T17:23:29 IST" name="gotoMenu" finished-at="2022-02-02T17:23:30 IST" duration-ms="1011" status="PASS">
          <reporter-output>
          </reporter-output>
        </test-method> <!-- gotoMenu -->
        <test-method signature="verifyTitle()[pri:2, instance:TestCases.WeightUnitMasterTestCases@290222c1]" started-at="2022-02-02T17:23:30 IST" name="verifyTitle" finished-at="2022-02-02T17:23:31 IST" duration-ms="447" status="PASS">
          <reporter-output>
          </reporter-output>
        </test-method> <!-- verifyTitle -->
        <test-method signature="checkAddButton()[pri:4, instance:TestCases.WeightUnitMasterTestCases@290222c1]" started-at="2022-02-02T17:23:31 IST" name="checkAddButton" finished-at="2022-02-02T17:23:32 IST" duration-ms="1143" status="PASS">
          <reporter-output>
          </reporter-output>
        </test-method> <!-- checkAddButton -->
        <test-method signature="checkErrorMsg()[pri:5, instance:TestCases.WeightUnitMasterTestCases@290222c1]" started-at="2022-02-02T17:23:32 IST" name="checkErrorMsg" finished-at="2022-02-02T17:23:34 IST" duration-ms="1592" status="PASS">
          <reporter-output>
          </reporter-output>
        </test-method> <!-- checkErrorMsg -->
        <test-method signature="addData()[pri:6, instance:TestCases.WeightUnitMasterTestCases@290222c1]" started-at="2022-02-02T17:23:34 IST" name="addData" finished-at="2022-02-02T17:23:36 IST" duration-ms="2546" status="PASS">
          <reporter-output>
          </reporter-output>
        </test-method> <!-- addData -->
        <test-method signature="existData()[pri:7, instance:TestCases.WeightUnitMasterTestCases@290222c1]" started-at="2022-02-02T17:23:36 IST" name="existData" finished-at="2022-02-02T17:23:39 IST" duration-ms="2678" status="PASS">
          <reporter-output>
          </reporter-output>
        </test-method> <!-- existData -->
        <test-method signature="editData()[pri:8, instance:TestCases.WeightUnitMasterTestCases@290222c1]" started-at="2022-02-02T17:23:39 IST" name="editData" finished-at="2022-02-02T17:23:42 IST" duration-ms="2934" status="PASS">
          <reporter-output>
          </reporter-output>
        </test-method> <!-- editData -->
        <test-method signature="editExistData()[pri:9, instance:TestCases.WeightUnitMasterTestCases@290222c1]" started-at="2022-02-02T17:23:42 IST" name="editExistData" finished-at="2022-02-02T17:23:45 IST" duration-ms="2898" status="PASS">
          <reporter-output>
          </reporter-output>
        </test-method> <!-- editExistData -->
        <test-method signature="deleteData()[pri:10, instance:TestCases.WeightUnitMasterTestCases@290222c1]" started-at="2022-02-02T17:23:45 IST" name="deleteData" finished-at="2022-02-02T17:23:52 IST" duration-ms="7625" status="PASS">
          <reporter-output>
          </reporter-output>
        </test-method> <!-- deleteData -->
        <test-method is-config="true" signature="quit()[pri:0, instance:TestCases.WeightUnitMasterTestCases@290222c1]" started-at="2022-02-02T17:23:52 IST" name="quit" finished-at="2022-02-02T17:23:54 IST" duration-ms="1361" status="PASS">
          <reporter-output>
          </reporter-output>
        </test-method> <!-- quit -->
      </class> <!-- TestCases.WeightUnitMasterTestCases -->
    </test> <!-- Default test -->
  </suite> <!-- Default suite -->
</testng-results>
