<?xml version="1.0" encoding="UTF-8"?>
<testng-results ignored="0" total="8" passed="0" failed="0" skipped="8">
  <reporter-output>
  </reporter-output>
  <suite started-at="2022-01-18T12:22:34 IST" name="Default suite" finished-at="2022-01-18T12:25:35 IST" duration-ms="181043">
    <groups>
    </groups>
    <test started-at="2022-01-18T12:22:34 IST" name="Default test" finished-at="2022-01-18T12:25:35 IST" duration-ms="181043">
      <class name="TestCases.LoginTestCases">
        <test-method is-config="true" signature="initDriver()[pri:0, instance:TestCases.LoginTestCases@53ce1329]" started-at="2022-01-18T12:22:12 IST" name="initDriver" finished-at="2022-01-18T12:22:34 IST" duration-ms="21924" status="PASS">
          <reporter-output>
          </reporter-output>
        </test-method> <!-- initDriver -->
        <test-method is-config="true" signature="openBrowser()[pri:0, instance:TestCases.LoginTestCases@53ce1329]" started-at="2022-01-18T12:22:34 IST" name="openBrowser" finished-at="2022-01-18T12:25:34 IST" duration-ms="180119" status="FAIL">
          <exception class="org.openqa.selenium.TimeoutException">
            <message>
              <![CDATA[java.util.concurrent.TimeoutException
Build info: version: '4.1.1', revision: 'e8fcc2cecf'
System info: host: 'DESKTOP-JPSNKQ1', ip: '192.168.43.151', os.name: 'Windows 10', os.arch: 'amd64', os.version: '10.0', java.version: '16.0.2'
Driver info: org.openqa.selenium.firefox.FirefoxDriver
Command: [88a4bbfc-e238-42e4-9351-1c3751454a9c, get {url=https://vehicle-admin.praivit.com/#/auth/login}]
Capabilities {acceptInsecureCerts: true, browserName: firefox, browserVersion: 96.0.1, javascriptEnabled: true, moz:accessibilityChecks: false, moz:buildID: 20220113185450, moz:debuggerAddress: localhost:53272, moz:geckodriverVersion: 0.30.0, moz:headless: false, moz:processID: 5300, moz:profile: C:\Users\jeeny\AppData\Loca..., moz:shutdownTimeout: 60000, moz:useNonSpecCompliantPointerOrigin: false, moz:webdriverClick: true, pageLoadStrategy: normal, platform: WINDOWS, platformName: WINDOWS, platformVersion: 10.0, proxy: Proxy(), se:cdp: ws://localhost:53272/devtoo..., se:cdpVersion: 85, setWindowRect: true, strictFileInteractability: false, timeouts: {implicit: 0, pageLoad: 300000, script: 30000}, unhandledPromptBehavior: dismiss and notify}
Session ID: 88a4bbfc-e238-42e4-9351-1c3751454a9c]]>
            </message>
            <full-stacktrace>
              <![CDATA[org.openqa.selenium.TimeoutException: java.util.concurrent.TimeoutException
Build info: version: '4.1.1', revision: 'e8fcc2cecf'
System info: host: 'DESKTOP-JPSNKQ1', ip: '192.168.43.151', os.name: 'Windows 10', os.arch: 'amd64', os.version: '10.0', java.version: '16.0.2'
Driver info: org.openqa.selenium.firefox.FirefoxDriver
Command: [88a4bbfc-e238-42e4-9351-1c3751454a9c, get {url=https://vehicle-admin.praivit.com/#/auth/login}]
Capabilities {acceptInsecureCerts: true, browserName: firefox, browserVersion: 96.0.1, javascriptEnabled: true, moz:accessibilityChecks: false, moz:buildID: 20220113185450, moz:debuggerAddress: localhost:53272, moz:geckodriverVersion: 0.30.0, moz:headless: false, moz:processID: 5300, moz:profile: C:\Users\jeeny\AppData\Loca..., moz:shutdownTimeout: 60000, moz:useNonSpecCompliantPointerOrigin: false, moz:webdriverClick: true, pageLoadStrategy: normal, platform: WINDOWS, platformName: WINDOWS, platformVersion: 10.0, proxy: Proxy(), se:cdp: ws://localhost:53272/devtoo..., se:cdpVersion: 85, setWindowRect: true, strictFileInteractability: false, timeouts: {implicit: 0, pageLoad: 300000, script: 30000}, unhandledPromptBehavior: dismiss and notify}
Session ID: 88a4bbfc-e238-42e4-9351-1c3751454a9c
at org.openqa.selenium.remote.http.netty.NettyHttpHandler.makeCall(NettyHttpHandler.java:72)
at org.openqa.selenium.remote.http.RetryRequest.lambda$apply$6(RetryRequest.java:83)
at net.jodah.failsafe.Functions.lambda$get$0(Functions.java:48)
at net.jodah.failsafe.RetryPolicyExecutor.lambda$supply$0(RetryPolicyExecutor.java:66)
at net.jodah.failsafe.RetryPolicyExecutor.lambda$supply$0(RetryPolicyExecutor.java:66)
at net.jodah.failsafe.RetryPolicyExecutor.lambda$supply$0(RetryPolicyExecutor.java:66)
at net.jodah.failsafe.Execution.executeSync(Execution.java:128)
at net.jodah.failsafe.FailsafeExecutor.call(FailsafeExecutor.java:379)
at net.jodah.failsafe.FailsafeExecutor.get(FailsafeExecutor.java:68)
at org.openqa.selenium.remote.http.RetryRequest.lambda$apply$7(RetryRequest.java:83)
at org.openqa.selenium.remote.http.AddSeleniumUserAgent.lambda$apply$0(AddSeleniumUserAgent.java:42)
at org.openqa.selenium.remote.http.Filter.lambda$andFinally$1(Filter.java:56)
at org.openqa.selenium.remote.http.netty.NettyHttpHandler.execute(NettyHttpHandler.java:51)
at org.openqa.selenium.remote.http.RetryRequest.lambda$apply$6(RetryRequest.java:83)
at net.jodah.failsafe.Functions.lambda$get$0(Functions.java:48)
at net.jodah.failsafe.RetryPolicyExecutor.lambda$supply$0(RetryPolicyExecutor.java:66)
at net.jodah.failsafe.RetryPolicyExecutor.lambda$supply$0(RetryPolicyExecutor.java:66)
at net.jodah.failsafe.RetryPolicyExecutor.lambda$supply$0(RetryPolicyExecutor.java:66)
at net.jodah.failsafe.Execution.executeSync(Execution.java:128)
at net.jodah.failsafe.FailsafeExecutor.call(FailsafeExecutor.java:379)
at net.jodah.failsafe.FailsafeExecutor.get(FailsafeExecutor.java:68)
at org.openqa.selenium.remote.http.RetryRequest.lambda$apply$7(RetryRequest.java:83)
at org.openqa.selenium.remote.http.AddSeleniumUserAgent.lambda$apply$0(AddSeleniumUserAgent.java:42)
at org.openqa.selenium.remote.http.Filter.lambda$andFinally$1(Filter.java:56)
at org.openqa.selenium.remote.http.netty.NettyClient.execute(NettyClient.java:110)
at org.openqa.selenium.remote.HttpCommandExecutor.execute(HttpCommandExecutor.java:181)
at org.openqa.selenium.remote.service.DriverCommandExecutor.invokeExecute(DriverCommandExecutor.java:167)
at org.openqa.selenium.remote.service.DriverCommandExecutor.execute(DriverCommandExecutor.java:142)
at org.openqa.selenium.remote.RemoteWebDriver.execute(RemoteWebDriver.java:543)
at org.openqa.selenium.remote.RemoteWebDriver.get(RemoteWebDriver.java:312)
at TestCases.LoginTestCases.openBrowser(LoginTestCases.java:53)
at java.base/jdk.internal.reflect.NativeMethodAccessorImpl.invoke0(Native Method)
at java.base/jdk.internal.reflect.NativeMethodAccessorImpl.invoke(NativeMethodAccessorImpl.java:78)
at java.base/jdk.internal.reflect.DelegatingMethodAccessorImpl.invoke(DelegatingMethodAccessorImpl.java:43)
at java.base/java.lang.reflect.Method.invoke(Method.java:567)
at org.testng.internal.MethodInvocationHelper.invokeMethod(MethodInvocationHelper.java:133)
at org.testng.internal.MethodInvocationHelper.invokeMethodConsideringTimeout(MethodInvocationHelper.java:62)
at org.testng.internal.ConfigInvoker.invokeConfigurationMethod(ConfigInvoker.java:385)
at org.testng.internal.ConfigInvoker.invokeConfigurations(ConfigInvoker.java:321)
at org.testng.TestRunner.invokeTestConfigurations(TestRunner.java:637)
at org.testng.TestRunner.beforeRun(TestRunner.java:627)
at org.testng.TestRunner.run(TestRunner.java:589)
at org.testng.SuiteRunner.runTest(SuiteRunner.java:377)
at org.testng.SuiteRunner.runSequentially(SuiteRunner.java:371)
at org.testng.SuiteRunner.privateRun(SuiteRunner.java:332)
at org.testng.SuiteRunner.run(SuiteRunner.java:276)
at org.testng.SuiteRunnerWorker.runSuite(SuiteRunnerWorker.java:53)
at org.testng.SuiteRunnerWorker.run(SuiteRunnerWorker.java:96)
at org.testng.TestNG.runSuitesSequentially(TestNG.java:1212)
at org.testng.TestNG.runSuitesLocally(TestNG.java:1134)
at org.testng.TestNG.runSuites(TestNG.java:1063)
at org.testng.TestNG.run(TestNG.java:1031)
at org.testng.remote.AbstractRemoteTestNG.run(AbstractRemoteTestNG.java:115)
at org.testng.remote.RemoteTestNG.initAndRun(RemoteTestNG.java:251)
at org.testng.remote.RemoteTestNG.main(RemoteTestNG.java:77)
Caused by: java.util.concurrent.TimeoutException
at java.base/java.util.concurrent.CompletableFuture.timedGet(CompletableFuture.java:1956)
at java.base/java.util.concurrent.CompletableFuture.get(CompletableFuture.java:2091)
at org.asynchttpclient.netty.NettyResponseFuture.get(NettyResponseFuture.java:206)
at org.openqa.selenium.remote.http.netty.NettyHttpHandler.makeCall(NettyHttpHandler.java:66)
... 54 more
]]>
            </full-stacktrace>
          </exception> <!-- org.openqa.selenium.TimeoutException -->
          <reporter-output>
          </reporter-output>
        </test-method> <!-- openBrowser -->
        <test-method signature="verifyTitle()[pri:0, instance:TestCases.LoginTestCases@53ce1329]" started-at="2022-01-18T12:25:34 IST" name="verifyTitle" finished-at="2022-01-18T12:25:34 IST" duration-ms="0" status="SKIP">
          <exception class="org.openqa.selenium.TimeoutException">
            <message>
              <![CDATA[java.util.concurrent.TimeoutException
Build info: version: '4.1.1', revision: 'e8fcc2cecf'
System info: host: 'DESKTOP-JPSNKQ1', ip: '192.168.43.151', os.name: 'Windows 10', os.arch: 'amd64', os.version: '10.0', java.version: '16.0.2'
Driver info: org.openqa.selenium.firefox.FirefoxDriver
Command: [88a4bbfc-e238-42e4-9351-1c3751454a9c, get {url=https://vehicle-admin.praivit.com/#/auth/login}]
Capabilities {acceptInsecureCerts: true, browserName: firefox, browserVersion: 96.0.1, javascriptEnabled: true, moz:accessibilityChecks: false, moz:buildID: 20220113185450, moz:debuggerAddress: localhost:53272, moz:geckodriverVersion: 0.30.0, moz:headless: false, moz:processID: 5300, moz:profile: C:\Users\jeeny\AppData\Loca..., moz:shutdownTimeout: 60000, moz:useNonSpecCompliantPointerOrigin: false, moz:webdriverClick: true, pageLoadStrategy: normal, platform: WINDOWS, platformName: WINDOWS, platformVersion: 10.0, proxy: Proxy(), se:cdp: ws://localhost:53272/devtoo..., se:cdpVersion: 85, setWindowRect: true, strictFileInteractability: false, timeouts: {implicit: 0, pageLoad: 300000, script: 30000}, unhandledPromptBehavior: dismiss and notify}
Session ID: 88a4bbfc-e238-42e4-9351-1c3751454a9c]]>
            </message>
            <full-stacktrace>
              <![CDATA[org.openqa.selenium.TimeoutException: java.util.concurrent.TimeoutException
Build info: version: '4.1.1', revision: 'e8fcc2cecf'
System info: host: 'DESKTOP-JPSNKQ1', ip: '192.168.43.151', os.name: 'Windows 10', os.arch: 'amd64', os.version: '10.0', java.version: '16.0.2'
Driver info: org.openqa.selenium.firefox.FirefoxDriver
Command: [88a4bbfc-e238-42e4-9351-1c3751454a9c, get {url=https://vehicle-admin.praivit.com/#/auth/login}]
Capabilities {acceptInsecureCerts: true, browserName: firefox, browserVersion: 96.0.1, javascriptEnabled: true, moz:accessibilityChecks: false, moz:buildID: 20220113185450, moz:debuggerAddress: localhost:53272, moz:geckodriverVersion: 0.30.0, moz:headless: false, moz:processID: 5300, moz:profile: C:\Users\jeeny\AppData\Loca..., moz:shutdownTimeout: 60000, moz:useNonSpecCompliantPointerOrigin: false, moz:webdriverClick: true, pageLoadStrategy: normal, platform: WINDOWS, platformName: WINDOWS, platformVersion: 10.0, proxy: Proxy(), se:cdp: ws://localhost:53272/devtoo..., se:cdpVersion: 85, setWindowRect: true, strictFileInteractability: false, timeouts: {implicit: 0, pageLoad: 300000, script: 30000}, unhandledPromptBehavior: dismiss and notify}
Session ID: 88a4bbfc-e238-42e4-9351-1c3751454a9c
at org.openqa.selenium.remote.http.netty.NettyHttpHandler.makeCall(NettyHttpHandler.java:72)
at org.openqa.selenium.remote.http.RetryRequest.lambda$apply$6(RetryRequest.java:83)
at net.jodah.failsafe.Functions.lambda$get$0(Functions.java:48)
at net.jodah.failsafe.RetryPolicyExecutor.lambda$supply$0(RetryPolicyExecutor.java:66)
at net.jodah.failsafe.RetryPolicyExecutor.lambda$supply$0(RetryPolicyExecutor.java:66)
at net.jodah.failsafe.RetryPolicyExecutor.lambda$supply$0(RetryPolicyExecutor.java:66)
at net.jodah.failsafe.Execution.executeSync(Execution.java:128)
at net.jodah.failsafe.FailsafeExecutor.call(FailsafeExecutor.java:379)
at net.jodah.failsafe.FailsafeExecutor.get(FailsafeExecutor.java:68)
at org.openqa.selenium.remote.http.RetryRequest.lambda$apply$7(RetryRequest.java:83)
at org.openqa.selenium.remote.http.AddSeleniumUserAgent.lambda$apply$0(AddSeleniumUserAgent.java:42)
at org.openqa.selenium.remote.http.Filter.lambda$andFinally$1(Filter.java:56)
at org.openqa.selenium.remote.http.netty.NettyHttpHandler.execute(NettyHttpHandler.java:51)
at org.openqa.selenium.remote.http.RetryRequest.lambda$apply$6(RetryRequest.java:83)
at net.jodah.failsafe.Functions.lambda$get$0(Functions.java:48)
at net.jodah.failsafe.RetryPolicyExecutor.lambda$supply$0(RetryPolicyExecutor.java:66)
at net.jodah.failsafe.RetryPolicyExecutor.lambda$supply$0(RetryPolicyExecutor.java:66)
at net.jodah.failsafe.RetryPolicyExecutor.lambda$supply$0(RetryPolicyExecutor.java:66)
at net.jodah.failsafe.Execution.executeSync(Execution.java:128)
at net.jodah.failsafe.FailsafeExecutor.call(FailsafeExecutor.java:379)
at net.jodah.failsafe.FailsafeExecutor.get(FailsafeExecutor.java:68)
at org.openqa.selenium.remote.http.RetryRequest.lambda$apply$7(RetryRequest.java:83)
at org.openqa.selenium.remote.http.AddSeleniumUserAgent.lambda$apply$0(AddSeleniumUserAgent.java:42)
at org.openqa.selenium.remote.http.Filter.lambda$andFinally$1(Filter.java:56)
at org.openqa.selenium.remote.http.netty.NettyClient.execute(NettyClient.java:110)
at org.openqa.selenium.remote.HttpCommandExecutor.execute(HttpCommandExecutor.java:181)
at org.openqa.selenium.remote.service.DriverCommandExecutor.invokeExecute(DriverCommandExecutor.java:167)
at org.openqa.selenium.remote.service.DriverCommandExecutor.execute(DriverCommandExecutor.java:142)
at org.openqa.selenium.remote.RemoteWebDriver.execute(RemoteWebDriver.java:543)
at org.openqa.selenium.remote.RemoteWebDriver.get(RemoteWebDriver.java:312)
at TestCases.LoginTestCases.openBrowser(LoginTestCases.java:53)
at java.base/jdk.internal.reflect.NativeMethodAccessorImpl.invoke0(Native Method)
at java.base/jdk.internal.reflect.NativeMethodAccessorImpl.invoke(NativeMethodAccessorImpl.java:78)
at java.base/jdk.internal.reflect.DelegatingMethodAccessorImpl.invoke(DelegatingMethodAccessorImpl.java:43)
at java.base/java.lang.reflect.Method.invoke(Method.java:567)
at org.testng.internal.MethodInvocationHelper.invokeMethod(MethodInvocationHelper.java:133)
at org.testng.internal.MethodInvocationHelper.invokeMethodConsideringTimeout(MethodInvocationHelper.java:62)
at org.testng.internal.ConfigInvoker.invokeConfigurationMethod(ConfigInvoker.java:385)
at org.testng.internal.ConfigInvoker.invokeConfigurations(ConfigInvoker.java:321)
at org.testng.TestRunner.invokeTestConfigurations(TestRunner.java:637)
at org.testng.TestRunner.beforeRun(TestRunner.java:627)
at org.testng.TestRunner.run(TestRunner.java:589)
at org.testng.SuiteRunner.runTest(SuiteRunner.java:377)
at org.testng.SuiteRunner.runSequentially(SuiteRunner.java:371)
at org.testng.SuiteRunner.privateRun(SuiteRunner.java:332)
at org.testng.SuiteRunner.run(SuiteRunner.java:276)
at org.testng.SuiteRunnerWorker.runSuite(SuiteRunnerWorker.java:53)
at org.testng.SuiteRunnerWorker.run(SuiteRunnerWorker.java:96)
at org.testng.TestNG.runSuitesSequentially(TestNG.java:1212)
at org.testng.TestNG.runSuitesLocally(TestNG.java:1134)
at org.testng.TestNG.runSuites(TestNG.java:1063)
at org.testng.TestNG.run(TestNG.java:1031)
at org.testng.remote.AbstractRemoteTestNG.run(AbstractRemoteTestNG.java:115)
at org.testng.remote.RemoteTestNG.initAndRun(RemoteTestNG.java:251)
at org.testng.remote.RemoteTestNG.main(RemoteTestNG.java:77)
Caused by: java.util.concurrent.TimeoutException
at java.base/java.util.concurrent.CompletableFuture.timedGet(CompletableFuture.java:1956)
at java.base/java.util.concurrent.CompletableFuture.get(CompletableFuture.java:2091)
at org.asynchttpclient.netty.NettyResponseFuture.get(NettyResponseFuture.java:206)
at org.openqa.selenium.remote.http.netty.NettyHttpHandler.makeCall(NettyHttpHandler.java:66)
... 54 more
]]>
            </full-stacktrace>
          </exception> <!-- org.openqa.selenium.TimeoutException -->
          <reporter-output>
          </reporter-output>
        </test-method> <!-- verifyTitle -->
        <test-method signature="checkButton()[pri:1, instance:TestCases.LoginTestCases@53ce1329]" started-at="2022-01-18T12:25:34 IST" name="checkButton" finished-at="2022-01-18T12:25:34 IST" duration-ms="0" status="SKIP">
          <exception class="org.openqa.selenium.TimeoutException">
            <message>
              <![CDATA[java.util.concurrent.TimeoutException
Build info: version: '4.1.1', revision: 'e8fcc2cecf'
System info: host: 'DESKTOP-JPSNKQ1', ip: '192.168.43.151', os.name: 'Windows 10', os.arch: 'amd64', os.version: '10.0', java.version: '16.0.2'
Driver info: org.openqa.selenium.firefox.FirefoxDriver
Command: [88a4bbfc-e238-42e4-9351-1c3751454a9c, get {url=https://vehicle-admin.praivit.com/#/auth/login}]
Capabilities {acceptInsecureCerts: true, browserName: firefox, browserVersion: 96.0.1, javascriptEnabled: true, moz:accessibilityChecks: false, moz:buildID: 20220113185450, moz:debuggerAddress: localhost:53272, moz:geckodriverVersion: 0.30.0, moz:headless: false, moz:processID: 5300, moz:profile: C:\Users\jeeny\AppData\Loca..., moz:shutdownTimeout: 60000, moz:useNonSpecCompliantPointerOrigin: false, moz:webdriverClick: true, pageLoadStrategy: normal, platform: WINDOWS, platformName: WINDOWS, platformVersion: 10.0, proxy: Proxy(), se:cdp: ws://localhost:53272/devtoo..., se:cdpVersion: 85, setWindowRect: true, strictFileInteractability: false, timeouts: {implicit: 0, pageLoad: 300000, script: 30000}, unhandledPromptBehavior: dismiss and notify}
Session ID: 88a4bbfc-e238-42e4-9351-1c3751454a9c]]>
            </message>
            <full-stacktrace>
              <![CDATA[org.openqa.selenium.TimeoutException: java.util.concurrent.TimeoutException
Build info: version: '4.1.1', revision: 'e8fcc2cecf'
System info: host: 'DESKTOP-JPSNKQ1', ip: '192.168.43.151', os.name: 'Windows 10', os.arch: 'amd64', os.version: '10.0', java.version: '16.0.2'
Driver info: org.openqa.selenium.firefox.FirefoxDriver
Command: [88a4bbfc-e238-42e4-9351-1c3751454a9c, get {url=https://vehicle-admin.praivit.com/#/auth/login}]
Capabilities {acceptInsecureCerts: true, browserName: firefox, browserVersion: 96.0.1, javascriptEnabled: true, moz:accessibilityChecks: false, moz:buildID: 20220113185450, moz:debuggerAddress: localhost:53272, moz:geckodriverVersion: 0.30.0, moz:headless: false, moz:processID: 5300, moz:profile: C:\Users\jeeny\AppData\Loca..., moz:shutdownTimeout: 60000, moz:useNonSpecCompliantPointerOrigin: false, moz:webdriverClick: true, pageLoadStrategy: normal, platform: WINDOWS, platformName: WINDOWS, platformVersion: 10.0, proxy: Proxy(), se:cdp: ws://localhost:53272/devtoo..., se:cdpVersion: 85, setWindowRect: true, strictFileInteractability: false, timeouts: {implicit: 0, pageLoad: 300000, script: 30000}, unhandledPromptBehavior: dismiss and notify}
Session ID: 88a4bbfc-e238-42e4-9351-1c3751454a9c
at org.openqa.selenium.remote.http.netty.NettyHttpHandler.makeCall(NettyHttpHandler.java:72)
at org.openqa.selenium.remote.http.RetryRequest.lambda$apply$6(RetryRequest.java:83)
at net.jodah.failsafe.Functions.lambda$get$0(Functions.java:48)
at net.jodah.failsafe.RetryPolicyExecutor.lambda$supply$0(RetryPolicyExecutor.java:66)
at net.jodah.failsafe.RetryPolicyExecutor.lambda$supply$0(RetryPolicyExecutor.java:66)
at net.jodah.failsafe.RetryPolicyExecutor.lambda$supply$0(RetryPolicyExecutor.java:66)
at net.jodah.failsafe.Execution.executeSync(Execution.java:128)
at net.jodah.failsafe.FailsafeExecutor.call(FailsafeExecutor.java:379)
at net.jodah.failsafe.FailsafeExecutor.get(FailsafeExecutor.java:68)
at org.openqa.selenium.remote.http.RetryRequest.lambda$apply$7(RetryRequest.java:83)
at org.openqa.selenium.remote.http.AddSeleniumUserAgent.lambda$apply$0(AddSeleniumUserAgent.java:42)
at org.openqa.selenium.remote.http.Filter.lambda$andFinally$1(Filter.java:56)
at org.openqa.selenium.remote.http.netty.NettyHttpHandler.execute(NettyHttpHandler.java:51)
at org.openqa.selenium.remote.http.RetryRequest.lambda$apply$6(RetryRequest.java:83)
at net.jodah.failsafe.Functions.lambda$get$0(Functions.java:48)
at net.jodah.failsafe.RetryPolicyExecutor.lambda$supply$0(RetryPolicyExecutor.java:66)
at net.jodah.failsafe.RetryPolicyExecutor.lambda$supply$0(RetryPolicyExecutor.java:66)
at net.jodah.failsafe.RetryPolicyExecutor.lambda$supply$0(RetryPolicyExecutor.java:66)
at net.jodah.failsafe.Execution.executeSync(Execution.java:128)
at net.jodah.failsafe.FailsafeExecutor.call(FailsafeExecutor.java:379)
at net.jodah.failsafe.FailsafeExecutor.get(FailsafeExecutor.java:68)
at org.openqa.selenium.remote.http.RetryRequest.lambda$apply$7(RetryRequest.java:83)
at org.openqa.selenium.remote.http.AddSeleniumUserAgent.lambda$apply$0(AddSeleniumUserAgent.java:42)
at org.openqa.selenium.remote.http.Filter.lambda$andFinally$1(Filter.java:56)
at org.openqa.selenium.remote.http.netty.NettyClient.execute(NettyClient.java:110)
at org.openqa.selenium.remote.HttpCommandExecutor.execute(HttpCommandExecutor.java:181)
at org.openqa.selenium.remote.service.DriverCommandExecutor.invokeExecute(DriverCommandExecutor.java:167)
at org.openqa.selenium.remote.service.DriverCommandExecutor.execute(DriverCommandExecutor.java:142)
at org.openqa.selenium.remote.RemoteWebDriver.execute(RemoteWebDriver.java:543)
at org.openqa.selenium.remote.RemoteWebDriver.get(RemoteWebDriver.java:312)
at TestCases.LoginTestCases.openBrowser(LoginTestCases.java:53)
at java.base/jdk.internal.reflect.NativeMethodAccessorImpl.invoke0(Native Method)
at java.base/jdk.internal.reflect.NativeMethodAccessorImpl.invoke(NativeMethodAccessorImpl.java:78)
at java.base/jdk.internal.reflect.DelegatingMethodAccessorImpl.invoke(DelegatingMethodAccessorImpl.java:43)
at java.base/java.lang.reflect.Method.invoke(Method.java:567)
at org.testng.internal.MethodInvocationHelper.invokeMethod(MethodInvocationHelper.java:133)
at org.testng.internal.MethodInvocationHelper.invokeMethodConsideringTimeout(MethodInvocationHelper.java:62)
at org.testng.internal.ConfigInvoker.invokeConfigurationMethod(ConfigInvoker.java:385)
at org.testng.internal.ConfigInvoker.invokeConfigurations(ConfigInvoker.java:321)
at org.testng.TestRunner.invokeTestConfigurations(TestRunner.java:637)
at org.testng.TestRunner.beforeRun(TestRunner.java:627)
at org.testng.TestRunner.run(TestRunner.java:589)
at org.testng.SuiteRunner.runTest(SuiteRunner.java:377)
at org.testng.SuiteRunner.runSequentially(SuiteRunner.java:371)
at org.testng.SuiteRunner.privateRun(SuiteRunner.java:332)
at org.testng.SuiteRunner.run(SuiteRunner.java:276)
at org.testng.SuiteRunnerWorker.runSuite(SuiteRunnerWorker.java:53)
at org.testng.SuiteRunnerWorker.run(SuiteRunnerWorker.java:96)
at org.testng.TestNG.runSuitesSequentially(TestNG.java:1212)
at org.testng.TestNG.runSuitesLocally(TestNG.java:1134)
at org.testng.TestNG.runSuites(TestNG.java:1063)
at org.testng.TestNG.run(TestNG.java:1031)
at org.testng.remote.AbstractRemoteTestNG.run(AbstractRemoteTestNG.java:115)
at org.testng.remote.RemoteTestNG.initAndRun(RemoteTestNG.java:251)
at org.testng.remote.RemoteTestNG.main(RemoteTestNG.java:77)
Caused by: java.util.concurrent.TimeoutException
at java.base/java.util.concurrent.CompletableFuture.timedGet(CompletableFuture.java:1956)
at java.base/java.util.concurrent.CompletableFuture.get(CompletableFuture.java:2091)
at org.asynchttpclient.netty.NettyResponseFuture.get(NettyResponseFuture.java:206)
at org.openqa.selenium.remote.http.netty.NettyHttpHandler.makeCall(NettyHttpHandler.java:66)
... 54 more
]]>
            </full-stacktrace>
          </exception> <!-- org.openqa.selenium.TimeoutException -->
          <reporter-output>
          </reporter-output>
        </test-method> <!-- checkButton -->
        <test-method signature="userRequire()[pri:2, instance:TestCases.LoginTestCases@53ce1329]" started-at="2022-01-18T12:25:34 IST" name="userRequire" finished-at="2022-01-18T12:25:34 IST" duration-ms="0" status="SKIP">
          <exception class="org.openqa.selenium.TimeoutException">
            <message>
              <![CDATA[java.util.concurrent.TimeoutException
Build info: version: '4.1.1', revision: 'e8fcc2cecf'
System info: host: 'DESKTOP-JPSNKQ1', ip: '192.168.43.151', os.name: 'Windows 10', os.arch: 'amd64', os.version: '10.0', java.version: '16.0.2'
Driver info: org.openqa.selenium.firefox.FirefoxDriver
Command: [88a4bbfc-e238-42e4-9351-1c3751454a9c, get {url=https://vehicle-admin.praivit.com/#/auth/login}]
Capabilities {acceptInsecureCerts: true, browserName: firefox, browserVersion: 96.0.1, javascriptEnabled: true, moz:accessibilityChecks: false, moz:buildID: 20220113185450, moz:debuggerAddress: localhost:53272, moz:geckodriverVersion: 0.30.0, moz:headless: false, moz:processID: 5300, moz:profile: C:\Users\jeeny\AppData\Loca..., moz:shutdownTimeout: 60000, moz:useNonSpecCompliantPointerOrigin: false, moz:webdriverClick: true, pageLoadStrategy: normal, platform: WINDOWS, platformName: WINDOWS, platformVersion: 10.0, proxy: Proxy(), se:cdp: ws://localhost:53272/devtoo..., se:cdpVersion: 85, setWindowRect: true, strictFileInteractability: false, timeouts: {implicit: 0, pageLoad: 300000, script: 30000}, unhandledPromptBehavior: dismiss and notify}
Session ID: 88a4bbfc-e238-42e4-9351-1c3751454a9c]]>
            </message>
            <full-stacktrace>
              <![CDATA[org.openqa.selenium.TimeoutException: java.util.concurrent.TimeoutException
Build info: version: '4.1.1', revision: 'e8fcc2cecf'
System info: host: 'DESKTOP-JPSNKQ1', ip: '192.168.43.151', os.name: 'Windows 10', os.arch: 'amd64', os.version: '10.0', java.version: '16.0.2'
Driver info: org.openqa.selenium.firefox.FirefoxDriver
Command: [88a4bbfc-e238-42e4-9351-1c3751454a9c, get {url=https://vehicle-admin.praivit.com/#/auth/login}]
Capabilities {acceptInsecureCerts: true, browserName: firefox, browserVersion: 96.0.1, javascriptEnabled: true, moz:accessibilityChecks: false, moz:buildID: 20220113185450, moz:debuggerAddress: localhost:53272, moz:geckodriverVersion: 0.30.0, moz:headless: false, moz:processID: 5300, moz:profile: C:\Users\jeeny\AppData\Loca..., moz:shutdownTimeout: 60000, moz:useNonSpecCompliantPointerOrigin: false, moz:webdriverClick: true, pageLoadStrategy: normal, platform: WINDOWS, platformName: WINDOWS, platformVersion: 10.0, proxy: Proxy(), se:cdp: ws://localhost:53272/devtoo..., se:cdpVersion: 85, setWindowRect: true, strictFileInteractability: false, timeouts: {implicit: 0, pageLoad: 300000, script: 30000}, unhandledPromptBehavior: dismiss and notify}
Session ID: 88a4bbfc-e238-42e4-9351-1c3751454a9c
at org.openqa.selenium.remote.http.netty.NettyHttpHandler.makeCall(NettyHttpHandler.java:72)
at org.openqa.selenium.remote.http.RetryRequest.lambda$apply$6(RetryRequest.java:83)
at net.jodah.failsafe.Functions.lambda$get$0(Functions.java:48)
at net.jodah.failsafe.RetryPolicyExecutor.lambda$supply$0(RetryPolicyExecutor.java:66)
at net.jodah.failsafe.RetryPolicyExecutor.lambda$supply$0(RetryPolicyExecutor.java:66)
at net.jodah.failsafe.RetryPolicyExecutor.lambda$supply$0(RetryPolicyExecutor.java:66)
at net.jodah.failsafe.Execution.executeSync(Execution.java:128)
at net.jodah.failsafe.FailsafeExecutor.call(FailsafeExecutor.java:379)
at net.jodah.failsafe.FailsafeExecutor.get(FailsafeExecutor.java:68)
at org.openqa.selenium.remote.http.RetryRequest.lambda$apply$7(RetryRequest.java:83)
at org.openqa.selenium.remote.http.AddSeleniumUserAgent.lambda$apply$0(AddSeleniumUserAgent.java:42)
at org.openqa.selenium.remote.http.Filter.lambda$andFinally$1(Filter.java:56)
at org.openqa.selenium.remote.http.netty.NettyHttpHandler.execute(NettyHttpHandler.java:51)
at org.openqa.selenium.remote.http.RetryRequest.lambda$apply$6(RetryRequest.java:83)
at net.jodah.failsafe.Functions.lambda$get$0(Functions.java:48)
at net.jodah.failsafe.RetryPolicyExecutor.lambda$supply$0(RetryPolicyExecutor.java:66)
at net.jodah.failsafe.RetryPolicyExecutor.lambda$supply$0(RetryPolicyExecutor.java:66)
at net.jodah.failsafe.RetryPolicyExecutor.lambda$supply$0(RetryPolicyExecutor.java:66)
at net.jodah.failsafe.Execution.executeSync(Execution.java:128)
at net.jodah.failsafe.FailsafeExecutor.call(FailsafeExecutor.java:379)
at net.jodah.failsafe.FailsafeExecutor.get(FailsafeExecutor.java:68)
at org.openqa.selenium.remote.http.RetryRequest.lambda$apply$7(RetryRequest.java:83)
at org.openqa.selenium.remote.http.AddSeleniumUserAgent.lambda$apply$0(AddSeleniumUserAgent.java:42)
at org.openqa.selenium.remote.http.Filter.lambda$andFinally$1(Filter.java:56)
at org.openqa.selenium.remote.http.netty.NettyClient.execute(NettyClient.java:110)
at org.openqa.selenium.remote.HttpCommandExecutor.execute(HttpCommandExecutor.java:181)
at org.openqa.selenium.remote.service.DriverCommandExecutor.invokeExecute(DriverCommandExecutor.java:167)
at org.openqa.selenium.remote.service.DriverCommandExecutor.execute(DriverCommandExecutor.java:142)
at org.openqa.selenium.remote.RemoteWebDriver.execute(RemoteWebDriver.java:543)
at org.openqa.selenium.remote.RemoteWebDriver.get(RemoteWebDriver.java:312)
at TestCases.LoginTestCases.openBrowser(LoginTestCases.java:53)
at java.base/jdk.internal.reflect.NativeMethodAccessorImpl.invoke0(Native Method)
at java.base/jdk.internal.reflect.NativeMethodAccessorImpl.invoke(NativeMethodAccessorImpl.java:78)
at java.base/jdk.internal.reflect.DelegatingMethodAccessorImpl.invoke(DelegatingMethodAccessorImpl.java:43)
at java.base/java.lang.reflect.Method.invoke(Method.java:567)
at org.testng.internal.MethodInvocationHelper.invokeMethod(MethodInvocationHelper.java:133)
at org.testng.internal.MethodInvocationHelper.invokeMethodConsideringTimeout(MethodInvocationHelper.java:62)
at org.testng.internal.ConfigInvoker.invokeConfigurationMethod(ConfigInvoker.java:385)
at org.testng.internal.ConfigInvoker.invokeConfigurations(ConfigInvoker.java:321)
at org.testng.TestRunner.invokeTestConfigurations(TestRunner.java:637)
at org.testng.TestRunner.beforeRun(TestRunner.java:627)
at org.testng.TestRunner.run(TestRunner.java:589)
at org.testng.SuiteRunner.runTest(SuiteRunner.java:377)
at org.testng.SuiteRunner.runSequentially(SuiteRunner.java:371)
at org.testng.SuiteRunner.privateRun(SuiteRunner.java:332)
at org.testng.SuiteRunner.run(SuiteRunner.java:276)
at org.testng.SuiteRunnerWorker.runSuite(SuiteRunnerWorker.java:53)
at org.testng.SuiteRunnerWorker.run(SuiteRunnerWorker.java:96)
at org.testng.TestNG.runSuitesSequentially(TestNG.java:1212)
at org.testng.TestNG.runSuitesLocally(TestNG.java:1134)
at org.testng.TestNG.runSuites(TestNG.java:1063)
at org.testng.TestNG.run(TestNG.java:1031)
at org.testng.remote.AbstractRemoteTestNG.run(AbstractRemoteTestNG.java:115)
at org.testng.remote.RemoteTestNG.initAndRun(RemoteTestNG.java:251)
at org.testng.remote.RemoteTestNG.main(RemoteTestNG.java:77)
Caused by: java.util.concurrent.TimeoutException
at java.base/java.util.concurrent.CompletableFuture.timedGet(CompletableFuture.java:1956)
at java.base/java.util.concurrent.CompletableFuture.get(CompletableFuture.java:2091)
at org.asynchttpclient.netty.NettyResponseFuture.get(NettyResponseFuture.java:206)
at org.openqa.selenium.remote.http.netty.NettyHttpHandler.makeCall(NettyHttpHandler.java:66)
... 54 more
]]>
            </full-stacktrace>
          </exception> <!-- org.openqa.selenium.TimeoutException -->
          <reporter-output>
          </reporter-output>
        </test-method> <!-- userRequire -->
        <test-method signature="passwordRequire()[pri:3, instance:TestCases.LoginTestCases@53ce1329]" started-at="2022-01-18T12:25:34 IST" name="passwordRequire" finished-at="2022-01-18T12:25:34 IST" duration-ms="0" status="SKIP">
          <exception class="org.openqa.selenium.TimeoutException">
            <message>
              <![CDATA[java.util.concurrent.TimeoutException
Build info: version: '4.1.1', revision: 'e8fcc2cecf'
System info: host: 'DESKTOP-JPSNKQ1', ip: '192.168.43.151', os.name: 'Windows 10', os.arch: 'amd64', os.version: '10.0', java.version: '16.0.2'
Driver info: org.openqa.selenium.firefox.FirefoxDriver
Command: [88a4bbfc-e238-42e4-9351-1c3751454a9c, get {url=https://vehicle-admin.praivit.com/#/auth/login}]
Capabilities {acceptInsecureCerts: true, browserName: firefox, browserVersion: 96.0.1, javascriptEnabled: true, moz:accessibilityChecks: false, moz:buildID: 20220113185450, moz:debuggerAddress: localhost:53272, moz:geckodriverVersion: 0.30.0, moz:headless: false, moz:processID: 5300, moz:profile: C:\Users\jeeny\AppData\Loca..., moz:shutdownTimeout: 60000, moz:useNonSpecCompliantPointerOrigin: false, moz:webdriverClick: true, pageLoadStrategy: normal, platform: WINDOWS, platformName: WINDOWS, platformVersion: 10.0, proxy: Proxy(), se:cdp: ws://localhost:53272/devtoo..., se:cdpVersion: 85, setWindowRect: true, strictFileInteractability: false, timeouts: {implicit: 0, pageLoad: 300000, script: 30000}, unhandledPromptBehavior: dismiss and notify}
Session ID: 88a4bbfc-e238-42e4-9351-1c3751454a9c]]>
            </message>
            <full-stacktrace>
              <![CDATA[org.openqa.selenium.TimeoutException: java.util.concurrent.TimeoutException
Build info: version: '4.1.1', revision: 'e8fcc2cecf'
System info: host: 'DESKTOP-JPSNKQ1', ip: '192.168.43.151', os.name: 'Windows 10', os.arch: 'amd64', os.version: '10.0', java.version: '16.0.2'
Driver info: org.openqa.selenium.firefox.FirefoxDriver
Command: [88a4bbfc-e238-42e4-9351-1c3751454a9c, get {url=https://vehicle-admin.praivit.com/#/auth/login}]
Capabilities {acceptInsecureCerts: true, browserName: firefox, browserVersion: 96.0.1, javascriptEnabled: true, moz:accessibilityChecks: false, moz:buildID: 20220113185450, moz:debuggerAddress: localhost:53272, moz:geckodriverVersion: 0.30.0, moz:headless: false, moz:processID: 5300, moz:profile: C:\Users\jeeny\AppData\Loca..., moz:shutdownTimeout: 60000, moz:useNonSpecCompliantPointerOrigin: false, moz:webdriverClick: true, pageLoadStrategy: normal, platform: WINDOWS, platformName: WINDOWS, platformVersion: 10.0, proxy: Proxy(), se:cdp: ws://localhost:53272/devtoo..., se:cdpVersion: 85, setWindowRect: true, strictFileInteractability: false, timeouts: {implicit: 0, pageLoad: 300000, script: 30000}, unhandledPromptBehavior: dismiss and notify}
Session ID: 88a4bbfc-e238-42e4-9351-1c3751454a9c
at org.openqa.selenium.remote.http.netty.NettyHttpHandler.makeCall(NettyHttpHandler.java:72)
at org.openqa.selenium.remote.http.RetryRequest.lambda$apply$6(RetryRequest.java:83)
at net.jodah.failsafe.Functions.lambda$get$0(Functions.java:48)
at net.jodah.failsafe.RetryPolicyExecutor.lambda$supply$0(RetryPolicyExecutor.java:66)
at net.jodah.failsafe.RetryPolicyExecutor.lambda$supply$0(RetryPolicyExecutor.java:66)
at net.jodah.failsafe.RetryPolicyExecutor.lambda$supply$0(RetryPolicyExecutor.java:66)
at net.jodah.failsafe.Execution.executeSync(Execution.java:128)
at net.jodah.failsafe.FailsafeExecutor.call(FailsafeExecutor.java:379)
at net.jodah.failsafe.FailsafeExecutor.get(FailsafeExecutor.java:68)
at org.openqa.selenium.remote.http.RetryRequest.lambda$apply$7(RetryRequest.java:83)
at org.openqa.selenium.remote.http.AddSeleniumUserAgent.lambda$apply$0(AddSeleniumUserAgent.java:42)
at org.openqa.selenium.remote.http.Filter.lambda$andFinally$1(Filter.java:56)
at org.openqa.selenium.remote.http.netty.NettyHttpHandler.execute(NettyHttpHandler.java:51)
at org.openqa.selenium.remote.http.RetryRequest.lambda$apply$6(RetryRequest.java:83)
at net.jodah.failsafe.Functions.lambda$get$0(Functions.java:48)
at net.jodah.failsafe.RetryPolicyExecutor.lambda$supply$0(RetryPolicyExecutor.java:66)
at net.jodah.failsafe.RetryPolicyExecutor.lambda$supply$0(RetryPolicyExecutor.java:66)
at net.jodah.failsafe.RetryPolicyExecutor.lambda$supply$0(RetryPolicyExecutor.java:66)
at net.jodah.failsafe.Execution.executeSync(Execution.java:128)
at net.jodah.failsafe.FailsafeExecutor.call(FailsafeExecutor.java:379)
at net.jodah.failsafe.FailsafeExecutor.get(FailsafeExecutor.java:68)
at org.openqa.selenium.remote.http.RetryRequest.lambda$apply$7(RetryRequest.java:83)
at org.openqa.selenium.remote.http.AddSeleniumUserAgent.lambda$apply$0(AddSeleniumUserAgent.java:42)
at org.openqa.selenium.remote.http.Filter.lambda$andFinally$1(Filter.java:56)
at org.openqa.selenium.remote.http.netty.NettyClient.execute(NettyClient.java:110)
at org.openqa.selenium.remote.HttpCommandExecutor.execute(HttpCommandExecutor.java:181)
at org.openqa.selenium.remote.service.DriverCommandExecutor.invokeExecute(DriverCommandExecutor.java:167)
at org.openqa.selenium.remote.service.DriverCommandExecutor.execute(DriverCommandExecutor.java:142)
at org.openqa.selenium.remote.RemoteWebDriver.execute(RemoteWebDriver.java:543)
at org.openqa.selenium.remote.RemoteWebDriver.get(RemoteWebDriver.java:312)
at TestCases.LoginTestCases.openBrowser(LoginTestCases.java:53)
at java.base/jdk.internal.reflect.NativeMethodAccessorImpl.invoke0(Native Method)
at java.base/jdk.internal.reflect.NativeMethodAccessorImpl.invoke(NativeMethodAccessorImpl.java:78)
at java.base/jdk.internal.reflect.DelegatingMethodAccessorImpl.invoke(DelegatingMethodAccessorImpl.java:43)
at java.base/java.lang.reflect.Method.invoke(Method.java:567)
at org.testng.internal.MethodInvocationHelper.invokeMethod(MethodInvocationHelper.java:133)
at org.testng.internal.MethodInvocationHelper.invokeMethodConsideringTimeout(MethodInvocationHelper.java:62)
at org.testng.internal.ConfigInvoker.invokeConfigurationMethod(ConfigInvoker.java:385)
at org.testng.internal.ConfigInvoker.invokeConfigurations(ConfigInvoker.java:321)
at org.testng.TestRunner.invokeTestConfigurations(TestRunner.java:637)
at org.testng.TestRunner.beforeRun(TestRunner.java:627)
at org.testng.TestRunner.run(TestRunner.java:589)
at org.testng.SuiteRunner.runTest(SuiteRunner.java:377)
at org.testng.SuiteRunner.runSequentially(SuiteRunner.java:371)
at org.testng.SuiteRunner.privateRun(SuiteRunner.java:332)
at org.testng.SuiteRunner.run(SuiteRunner.java:276)
at org.testng.SuiteRunnerWorker.runSuite(SuiteRunnerWorker.java:53)
at org.testng.SuiteRunnerWorker.run(SuiteRunnerWorker.java:96)
at org.testng.TestNG.runSuitesSequentially(TestNG.java:1212)
at org.testng.TestNG.runSuitesLocally(TestNG.java:1134)
at org.testng.TestNG.runSuites(TestNG.java:1063)
at org.testng.TestNG.run(TestNG.java:1031)
at org.testng.remote.AbstractRemoteTestNG.run(AbstractRemoteTestNG.java:115)
at org.testng.remote.RemoteTestNG.initAndRun(RemoteTestNG.java:251)
at org.testng.remote.RemoteTestNG.main(RemoteTestNG.java:77)
Caused by: java.util.concurrent.TimeoutException
at java.base/java.util.concurrent.CompletableFuture.timedGet(CompletableFuture.java:1956)
at java.base/java.util.concurrent.CompletableFuture.get(CompletableFuture.java:2091)
at org.asynchttpclient.netty.NettyResponseFuture.get(NettyResponseFuture.java:206)
at org.openqa.selenium.remote.http.netty.NettyHttpHandler.makeCall(NettyHttpHandler.java:66)
... 54 more
]]>
            </full-stacktrace>
          </exception> <!-- org.openqa.selenium.TimeoutException -->
          <reporter-output>
          </reporter-output>
        </test-method> <!-- passwordRequire -->
        <test-method signature="passwordLenght()[pri:4, instance:TestCases.LoginTestCases@53ce1329]" started-at="2022-01-18T12:25:34 IST" name="passwordLenght" finished-at="2022-01-18T12:25:34 IST" duration-ms="0" status="SKIP">
          <exception class="org.openqa.selenium.TimeoutException">
            <message>
              <![CDATA[java.util.concurrent.TimeoutException
Build info: version: '4.1.1', revision: 'e8fcc2cecf'
System info: host: 'DESKTOP-JPSNKQ1', ip: '192.168.43.151', os.name: 'Windows 10', os.arch: 'amd64', os.version: '10.0', java.version: '16.0.2'
Driver info: org.openqa.selenium.firefox.FirefoxDriver
Command: [88a4bbfc-e238-42e4-9351-1c3751454a9c, get {url=https://vehicle-admin.praivit.com/#/auth/login}]
Capabilities {acceptInsecureCerts: true, browserName: firefox, browserVersion: 96.0.1, javascriptEnabled: true, moz:accessibilityChecks: false, moz:buildID: 20220113185450, moz:debuggerAddress: localhost:53272, moz:geckodriverVersion: 0.30.0, moz:headless: false, moz:processID: 5300, moz:profile: C:\Users\jeeny\AppData\Loca..., moz:shutdownTimeout: 60000, moz:useNonSpecCompliantPointerOrigin: false, moz:webdriverClick: true, pageLoadStrategy: normal, platform: WINDOWS, platformName: WINDOWS, platformVersion: 10.0, proxy: Proxy(), se:cdp: ws://localhost:53272/devtoo..., se:cdpVersion: 85, setWindowRect: true, strictFileInteractability: false, timeouts: {implicit: 0, pageLoad: 300000, script: 30000}, unhandledPromptBehavior: dismiss and notify}
Session ID: 88a4bbfc-e238-42e4-9351-1c3751454a9c]]>
            </message>
            <full-stacktrace>
              <![CDATA[org.openqa.selenium.TimeoutException: java.util.concurrent.TimeoutException
Build info: version: '4.1.1', revision: 'e8fcc2cecf'
System info: host: 'DESKTOP-JPSNKQ1', ip: '192.168.43.151', os.name: 'Windows 10', os.arch: 'amd64', os.version: '10.0', java.version: '16.0.2'
Driver info: org.openqa.selenium.firefox.FirefoxDriver
Command: [88a4bbfc-e238-42e4-9351-1c3751454a9c, get {url=https://vehicle-admin.praivit.com/#/auth/login}]
Capabilities {acceptInsecureCerts: true, browserName: firefox, browserVersion: 96.0.1, javascriptEnabled: true, moz:accessibilityChecks: false, moz:buildID: 20220113185450, moz:debuggerAddress: localhost:53272, moz:geckodriverVersion: 0.30.0, moz:headless: false, moz:processID: 5300, moz:profile: C:\Users\jeeny\AppData\Loca..., moz:shutdownTimeout: 60000, moz:useNonSpecCompliantPointerOrigin: false, moz:webdriverClick: true, pageLoadStrategy: normal, platform: WINDOWS, platformName: WINDOWS, platformVersion: 10.0, proxy: Proxy(), se:cdp: ws://localhost:53272/devtoo..., se:cdpVersion: 85, setWindowRect: true, strictFileInteractability: false, timeouts: {implicit: 0, pageLoad: 300000, script: 30000}, unhandledPromptBehavior: dismiss and notify}
Session ID: 88a4bbfc-e238-42e4-9351-1c3751454a9c
at org.openqa.selenium.remote.http.netty.NettyHttpHandler.makeCall(NettyHttpHandler.java:72)
at org.openqa.selenium.remote.http.RetryRequest.lambda$apply$6(RetryRequest.java:83)
at net.jodah.failsafe.Functions.lambda$get$0(Functions.java:48)
at net.jodah.failsafe.RetryPolicyExecutor.lambda$supply$0(RetryPolicyExecutor.java:66)
at net.jodah.failsafe.RetryPolicyExecutor.lambda$supply$0(RetryPolicyExecutor.java:66)
at net.jodah.failsafe.RetryPolicyExecutor.lambda$supply$0(RetryPolicyExecutor.java:66)
at net.jodah.failsafe.Execution.executeSync(Execution.java:128)
at net.jodah.failsafe.FailsafeExecutor.call(FailsafeExecutor.java:379)
at net.jodah.failsafe.FailsafeExecutor.get(FailsafeExecutor.java:68)
at org.openqa.selenium.remote.http.RetryRequest.lambda$apply$7(RetryRequest.java:83)
at org.openqa.selenium.remote.http.AddSeleniumUserAgent.lambda$apply$0(AddSeleniumUserAgent.java:42)
at org.openqa.selenium.remote.http.Filter.lambda$andFinally$1(Filter.java:56)
at org.openqa.selenium.remote.http.netty.NettyHttpHandler.execute(NettyHttpHandler.java:51)
at org.openqa.selenium.remote.http.RetryRequest.lambda$apply$6(RetryRequest.java:83)
at net.jodah.failsafe.Functions.lambda$get$0(Functions.java:48)
at net.jodah.failsafe.RetryPolicyExecutor.lambda$supply$0(RetryPolicyExecutor.java:66)
at net.jodah.failsafe.RetryPolicyExecutor.lambda$supply$0(RetryPolicyExecutor.java:66)
at net.jodah.failsafe.RetryPolicyExecutor.lambda$supply$0(RetryPolicyExecutor.java:66)
at net.jodah.failsafe.Execution.executeSync(Execution.java:128)
at net.jodah.failsafe.FailsafeExecutor.call(FailsafeExecutor.java:379)
at net.jodah.failsafe.FailsafeExecutor.get(FailsafeExecutor.java:68)
at org.openqa.selenium.remote.http.RetryRequest.lambda$apply$7(RetryRequest.java:83)
at org.openqa.selenium.remote.http.AddSeleniumUserAgent.lambda$apply$0(AddSeleniumUserAgent.java:42)
at org.openqa.selenium.remote.http.Filter.lambda$andFinally$1(Filter.java:56)
at org.openqa.selenium.remote.http.netty.NettyClient.execute(NettyClient.java:110)
at org.openqa.selenium.remote.HttpCommandExecutor.execute(HttpCommandExecutor.java:181)
at org.openqa.selenium.remote.service.DriverCommandExecutor.invokeExecute(DriverCommandExecutor.java:167)
at org.openqa.selenium.remote.service.DriverCommandExecutor.execute(DriverCommandExecutor.java:142)
at org.openqa.selenium.remote.RemoteWebDriver.execute(RemoteWebDriver.java:543)
at org.openqa.selenium.remote.RemoteWebDriver.get(RemoteWebDriver.java:312)
at TestCases.LoginTestCases.openBrowser(LoginTestCases.java:53)
at java.base/jdk.internal.reflect.NativeMethodAccessorImpl.invoke0(Native Method)
at java.base/jdk.internal.reflect.NativeMethodAccessorImpl.invoke(NativeMethodAccessorImpl.java:78)
at java.base/jdk.internal.reflect.DelegatingMethodAccessorImpl.invoke(DelegatingMethodAccessorImpl.java:43)
at java.base/java.lang.reflect.Method.invoke(Method.java:567)
at org.testng.internal.MethodInvocationHelper.invokeMethod(MethodInvocationHelper.java:133)
at org.testng.internal.MethodInvocationHelper.invokeMethodConsideringTimeout(MethodInvocationHelper.java:62)
at org.testng.internal.ConfigInvoker.invokeConfigurationMethod(ConfigInvoker.java:385)
at org.testng.internal.ConfigInvoker.invokeConfigurations(ConfigInvoker.java:321)
at org.testng.TestRunner.invokeTestConfigurations(TestRunner.java:637)
at org.testng.TestRunner.beforeRun(TestRunner.java:627)
at org.testng.TestRunner.run(TestRunner.java:589)
at org.testng.SuiteRunner.runTest(SuiteRunner.java:377)
at org.testng.SuiteRunner.runSequentially(SuiteRunner.java:371)
at org.testng.SuiteRunner.privateRun(SuiteRunner.java:332)
at org.testng.SuiteRunner.run(SuiteRunner.java:276)
at org.testng.SuiteRunnerWorker.runSuite(SuiteRunnerWorker.java:53)
at org.testng.SuiteRunnerWorker.run(SuiteRunnerWorker.java:96)
at org.testng.TestNG.runSuitesSequentially(TestNG.java:1212)
at org.testng.TestNG.runSuitesLocally(TestNG.java:1134)
at org.testng.TestNG.runSuites(TestNG.java:1063)
at org.testng.TestNG.run(TestNG.java:1031)
at org.testng.remote.AbstractRemoteTestNG.run(AbstractRemoteTestNG.java:115)
at org.testng.remote.RemoteTestNG.initAndRun(RemoteTestNG.java:251)
at org.testng.remote.RemoteTestNG.main(RemoteTestNG.java:77)
Caused by: java.util.concurrent.TimeoutException
at java.base/java.util.concurrent.CompletableFuture.timedGet(CompletableFuture.java:1956)
at java.base/java.util.concurrent.CompletableFuture.get(CompletableFuture.java:2091)
at org.asynchttpclient.netty.NettyResponseFuture.get(NettyResponseFuture.java:206)
at org.openqa.selenium.remote.http.netty.NettyHttpHandler.makeCall(NettyHttpHandler.java:66)
... 54 more
]]>
            </full-stacktrace>
          </exception> <!-- org.openqa.selenium.TimeoutException -->
          <reporter-output>
          </reporter-output>
        </test-method> <!-- passwordLenght -->
        <test-method signature="Login0()[pri:5, instance:TestCases.LoginTestCases@53ce1329]" started-at="2022-01-18T12:25:35 IST" name="Login0" finished-at="2022-01-18T12:25:35 IST" duration-ms="0" status="SKIP">
          <exception class="org.openqa.selenium.TimeoutException">
            <message>
              <![CDATA[java.util.concurrent.TimeoutException
Build info: version: '4.1.1', revision: 'e8fcc2cecf'
System info: host: 'DESKTOP-JPSNKQ1', ip: '192.168.43.151', os.name: 'Windows 10', os.arch: 'amd64', os.version: '10.0', java.version: '16.0.2'
Driver info: org.openqa.selenium.firefox.FirefoxDriver
Command: [88a4bbfc-e238-42e4-9351-1c3751454a9c, get {url=https://vehicle-admin.praivit.com/#/auth/login}]
Capabilities {acceptInsecureCerts: true, browserName: firefox, browserVersion: 96.0.1, javascriptEnabled: true, moz:accessibilityChecks: false, moz:buildID: 20220113185450, moz:debuggerAddress: localhost:53272, moz:geckodriverVersion: 0.30.0, moz:headless: false, moz:processID: 5300, moz:profile: C:\Users\jeeny\AppData\Loca..., moz:shutdownTimeout: 60000, moz:useNonSpecCompliantPointerOrigin: false, moz:webdriverClick: true, pageLoadStrategy: normal, platform: WINDOWS, platformName: WINDOWS, platformVersion: 10.0, proxy: Proxy(), se:cdp: ws://localhost:53272/devtoo..., se:cdpVersion: 85, setWindowRect: true, strictFileInteractability: false, timeouts: {implicit: 0, pageLoad: 300000, script: 30000}, unhandledPromptBehavior: dismiss and notify}
Session ID: 88a4bbfc-e238-42e4-9351-1c3751454a9c]]>
            </message>
            <full-stacktrace>
              <![CDATA[org.openqa.selenium.TimeoutException: java.util.concurrent.TimeoutException
Build info: version: '4.1.1', revision: 'e8fcc2cecf'
System info: host: 'DESKTOP-JPSNKQ1', ip: '192.168.43.151', os.name: 'Windows 10', os.arch: 'amd64', os.version: '10.0', java.version: '16.0.2'
Driver info: org.openqa.selenium.firefox.FirefoxDriver
Command: [88a4bbfc-e238-42e4-9351-1c3751454a9c, get {url=https://vehicle-admin.praivit.com/#/auth/login}]
Capabilities {acceptInsecureCerts: true, browserName: firefox, browserVersion: 96.0.1, javascriptEnabled: true, moz:accessibilityChecks: false, moz:buildID: 20220113185450, moz:debuggerAddress: localhost:53272, moz:geckodriverVersion: 0.30.0, moz:headless: false, moz:processID: 5300, moz:profile: C:\Users\jeeny\AppData\Loca..., moz:shutdownTimeout: 60000, moz:useNonSpecCompliantPointerOrigin: false, moz:webdriverClick: true, pageLoadStrategy: normal, platform: WINDOWS, platformName: WINDOWS, platformVersion: 10.0, proxy: Proxy(), se:cdp: ws://localhost:53272/devtoo..., se:cdpVersion: 85, setWindowRect: true, strictFileInteractability: false, timeouts: {implicit: 0, pageLoad: 300000, script: 30000}, unhandledPromptBehavior: dismiss and notify}
Session ID: 88a4bbfc-e238-42e4-9351-1c3751454a9c
at org.openqa.selenium.remote.http.netty.NettyHttpHandler.makeCall(NettyHttpHandler.java:72)
at org.openqa.selenium.remote.http.RetryRequest.lambda$apply$6(RetryRequest.java:83)
at net.jodah.failsafe.Functions.lambda$get$0(Functions.java:48)
at net.jodah.failsafe.RetryPolicyExecutor.lambda$supply$0(RetryPolicyExecutor.java:66)
at net.jodah.failsafe.RetryPolicyExecutor.lambda$supply$0(RetryPolicyExecutor.java:66)
at net.jodah.failsafe.RetryPolicyExecutor.lambda$supply$0(RetryPolicyExecutor.java:66)
at net.jodah.failsafe.Execution.executeSync(Execution.java:128)
at net.jodah.failsafe.FailsafeExecutor.call(FailsafeExecutor.java:379)
at net.jodah.failsafe.FailsafeExecutor.get(FailsafeExecutor.java:68)
at org.openqa.selenium.remote.http.RetryRequest.lambda$apply$7(RetryRequest.java:83)
at org.openqa.selenium.remote.http.AddSeleniumUserAgent.lambda$apply$0(AddSeleniumUserAgent.java:42)
at org.openqa.selenium.remote.http.Filter.lambda$andFinally$1(Filter.java:56)
at org.openqa.selenium.remote.http.netty.NettyHttpHandler.execute(NettyHttpHandler.java:51)
at org.openqa.selenium.remote.http.RetryRequest.lambda$apply$6(RetryRequest.java:83)
at net.jodah.failsafe.Functions.lambda$get$0(Functions.java:48)
at net.jodah.failsafe.RetryPolicyExecutor.lambda$supply$0(RetryPolicyExecutor.java:66)
at net.jodah.failsafe.RetryPolicyExecutor.lambda$supply$0(RetryPolicyExecutor.java:66)
at net.jodah.failsafe.RetryPolicyExecutor.lambda$supply$0(RetryPolicyExecutor.java:66)
at net.jodah.failsafe.Execution.executeSync(Execution.java:128)
at net.jodah.failsafe.FailsafeExecutor.call(FailsafeExecutor.java:379)
at net.jodah.failsafe.FailsafeExecutor.get(FailsafeExecutor.java:68)
at org.openqa.selenium.remote.http.RetryRequest.lambda$apply$7(RetryRequest.java:83)
at org.openqa.selenium.remote.http.AddSeleniumUserAgent.lambda$apply$0(AddSeleniumUserAgent.java:42)
at org.openqa.selenium.remote.http.Filter.lambda$andFinally$1(Filter.java:56)
at org.openqa.selenium.remote.http.netty.NettyClient.execute(NettyClient.java:110)
at org.openqa.selenium.remote.HttpCommandExecutor.execute(HttpCommandExecutor.java:181)
at org.openqa.selenium.remote.service.DriverCommandExecutor.invokeExecute(DriverCommandExecutor.java:167)
at org.openqa.selenium.remote.service.DriverCommandExecutor.execute(DriverCommandExecutor.java:142)
at org.openqa.selenium.remote.RemoteWebDriver.execute(RemoteWebDriver.java:543)
at org.openqa.selenium.remote.RemoteWebDriver.get(RemoteWebDriver.java:312)
at TestCases.LoginTestCases.openBrowser(LoginTestCases.java:53)
at java.base/jdk.internal.reflect.NativeMethodAccessorImpl.invoke0(Native Method)
at java.base/jdk.internal.reflect.NativeMethodAccessorImpl.invoke(NativeMethodAccessorImpl.java:78)
at java.base/jdk.internal.reflect.DelegatingMethodAccessorImpl.invoke(DelegatingMethodAccessorImpl.java:43)
at java.base/java.lang.reflect.Method.invoke(Method.java:567)
at org.testng.internal.MethodInvocationHelper.invokeMethod(MethodInvocationHelper.java:133)
at org.testng.internal.MethodInvocationHelper.invokeMethodConsideringTimeout(MethodInvocationHelper.java:62)
at org.testng.internal.ConfigInvoker.invokeConfigurationMethod(ConfigInvoker.java:385)
at org.testng.internal.ConfigInvoker.invokeConfigurations(ConfigInvoker.java:321)
at org.testng.TestRunner.invokeTestConfigurations(TestRunner.java:637)
at org.testng.TestRunner.beforeRun(TestRunner.java:627)
at org.testng.TestRunner.run(TestRunner.java:589)
at org.testng.SuiteRunner.runTest(SuiteRunner.java:377)
at org.testng.SuiteRunner.runSequentially(SuiteRunner.java:371)
at org.testng.SuiteRunner.privateRun(SuiteRunner.java:332)
at org.testng.SuiteRunner.run(SuiteRunner.java:276)
at org.testng.SuiteRunnerWorker.runSuite(SuiteRunnerWorker.java:53)
at org.testng.SuiteRunnerWorker.run(SuiteRunnerWorker.java:96)
at org.testng.TestNG.runSuitesSequentially(TestNG.java:1212)
at org.testng.TestNG.runSuitesLocally(TestNG.java:1134)
at org.testng.TestNG.runSuites(TestNG.java:1063)
at org.testng.TestNG.run(TestNG.java:1031)
at org.testng.remote.AbstractRemoteTestNG.run(AbstractRemoteTestNG.java:115)
at org.testng.remote.RemoteTestNG.initAndRun(RemoteTestNG.java:251)
at org.testng.remote.RemoteTestNG.main(RemoteTestNG.java:77)
Caused by: java.util.concurrent.TimeoutException
at java.base/java.util.concurrent.CompletableFuture.timedGet(CompletableFuture.java:1956)
at java.base/java.util.concurrent.CompletableFuture.get(CompletableFuture.java:2091)
at org.asynchttpclient.netty.NettyResponseFuture.get(NettyResponseFuture.java:206)
at org.openqa.selenium.remote.http.netty.NettyHttpHandler.makeCall(NettyHttpHandler.java:66)
... 54 more
]]>
            </full-stacktrace>
          </exception> <!-- org.openqa.selenium.TimeoutException -->
          <reporter-output>
          </reporter-output>
        </test-method> <!-- Login0 -->
        <test-method signature="Login1()[pri:6, instance:TestCases.LoginTestCases@53ce1329]" started-at="2022-01-18T12:25:35 IST" name="Login1" finished-at="2022-01-18T12:25:35 IST" duration-ms="0" status="SKIP">
          <exception class="org.openqa.selenium.TimeoutException">
            <message>
              <![CDATA[java.util.concurrent.TimeoutException
Build info: version: '4.1.1', revision: 'e8fcc2cecf'
System info: host: 'DESKTOP-JPSNKQ1', ip: '192.168.43.151', os.name: 'Windows 10', os.arch: 'amd64', os.version: '10.0', java.version: '16.0.2'
Driver info: org.openqa.selenium.firefox.FirefoxDriver
Command: [88a4bbfc-e238-42e4-9351-1c3751454a9c, get {url=https://vehicle-admin.praivit.com/#/auth/login}]
Capabilities {acceptInsecureCerts: true, browserName: firefox, browserVersion: 96.0.1, javascriptEnabled: true, moz:accessibilityChecks: false, moz:buildID: 20220113185450, moz:debuggerAddress: localhost:53272, moz:geckodriverVersion: 0.30.0, moz:headless: false, moz:processID: 5300, moz:profile: C:\Users\jeeny\AppData\Loca..., moz:shutdownTimeout: 60000, moz:useNonSpecCompliantPointerOrigin: false, moz:webdriverClick: true, pageLoadStrategy: normal, platform: WINDOWS, platformName: WINDOWS, platformVersion: 10.0, proxy: Proxy(), se:cdp: ws://localhost:53272/devtoo..., se:cdpVersion: 85, setWindowRect: true, strictFileInteractability: false, timeouts: {implicit: 0, pageLoad: 300000, script: 30000}, unhandledPromptBehavior: dismiss and notify}
Session ID: 88a4bbfc-e238-42e4-9351-1c3751454a9c]]>
            </message>
            <full-stacktrace>
              <![CDATA[org.openqa.selenium.TimeoutException: java.util.concurrent.TimeoutException
Build info: version: '4.1.1', revision: 'e8fcc2cecf'
System info: host: 'DESKTOP-JPSNKQ1', ip: '192.168.43.151', os.name: 'Windows 10', os.arch: 'amd64', os.version: '10.0', java.version: '16.0.2'
Driver info: org.openqa.selenium.firefox.FirefoxDriver
Command: [88a4bbfc-e238-42e4-9351-1c3751454a9c, get {url=https://vehicle-admin.praivit.com/#/auth/login}]
Capabilities {acceptInsecureCerts: true, browserName: firefox, browserVersion: 96.0.1, javascriptEnabled: true, moz:accessibilityChecks: false, moz:buildID: 20220113185450, moz:debuggerAddress: localhost:53272, moz:geckodriverVersion: 0.30.0, moz:headless: false, moz:processID: 5300, moz:profile: C:\Users\jeeny\AppData\Loca..., moz:shutdownTimeout: 60000, moz:useNonSpecCompliantPointerOrigin: false, moz:webdriverClick: true, pageLoadStrategy: normal, platform: WINDOWS, platformName: WINDOWS, platformVersion: 10.0, proxy: Proxy(), se:cdp: ws://localhost:53272/devtoo..., se:cdpVersion: 85, setWindowRect: true, strictFileInteractability: false, timeouts: {implicit: 0, pageLoad: 300000, script: 30000}, unhandledPromptBehavior: dismiss and notify}
Session ID: 88a4bbfc-e238-42e4-9351-1c3751454a9c
at org.openqa.selenium.remote.http.netty.NettyHttpHandler.makeCall(NettyHttpHandler.java:72)
at org.openqa.selenium.remote.http.RetryRequest.lambda$apply$6(RetryRequest.java:83)
at net.jodah.failsafe.Functions.lambda$get$0(Functions.java:48)
at net.jodah.failsafe.RetryPolicyExecutor.lambda$supply$0(RetryPolicyExecutor.java:66)
at net.jodah.failsafe.RetryPolicyExecutor.lambda$supply$0(RetryPolicyExecutor.java:66)
at net.jodah.failsafe.RetryPolicyExecutor.lambda$supply$0(RetryPolicyExecutor.java:66)
at net.jodah.failsafe.Execution.executeSync(Execution.java:128)
at net.jodah.failsafe.FailsafeExecutor.call(FailsafeExecutor.java:379)
at net.jodah.failsafe.FailsafeExecutor.get(FailsafeExecutor.java:68)
at org.openqa.selenium.remote.http.RetryRequest.lambda$apply$7(RetryRequest.java:83)
at org.openqa.selenium.remote.http.AddSeleniumUserAgent.lambda$apply$0(AddSeleniumUserAgent.java:42)
at org.openqa.selenium.remote.http.Filter.lambda$andFinally$1(Filter.java:56)
at org.openqa.selenium.remote.http.netty.NettyHttpHandler.execute(NettyHttpHandler.java:51)
at org.openqa.selenium.remote.http.RetryRequest.lambda$apply$6(RetryRequest.java:83)
at net.jodah.failsafe.Functions.lambda$get$0(Functions.java:48)
at net.jodah.failsafe.RetryPolicyExecutor.lambda$supply$0(RetryPolicyExecutor.java:66)
at net.jodah.failsafe.RetryPolicyExecutor.lambda$supply$0(RetryPolicyExecutor.java:66)
at net.jodah.failsafe.RetryPolicyExecutor.lambda$supply$0(RetryPolicyExecutor.java:66)
at net.jodah.failsafe.Execution.executeSync(Execution.java:128)
at net.jodah.failsafe.FailsafeExecutor.call(FailsafeExecutor.java:379)
at net.jodah.failsafe.FailsafeExecutor.get(FailsafeExecutor.java:68)
at org.openqa.selenium.remote.http.RetryRequest.lambda$apply$7(RetryRequest.java:83)
at org.openqa.selenium.remote.http.AddSeleniumUserAgent.lambda$apply$0(AddSeleniumUserAgent.java:42)
at org.openqa.selenium.remote.http.Filter.lambda$andFinally$1(Filter.java:56)
at org.openqa.selenium.remote.http.netty.NettyClient.execute(NettyClient.java:110)
at org.openqa.selenium.remote.HttpCommandExecutor.execute(HttpCommandExecutor.java:181)
at org.openqa.selenium.remote.service.DriverCommandExecutor.invokeExecute(DriverCommandExecutor.java:167)
at org.openqa.selenium.remote.service.DriverCommandExecutor.execute(DriverCommandExecutor.java:142)
at org.openqa.selenium.remote.RemoteWebDriver.execute(RemoteWebDriver.java:543)
at org.openqa.selenium.remote.RemoteWebDriver.get(RemoteWebDriver.java:312)
at TestCases.LoginTestCases.openBrowser(LoginTestCases.java:53)
at java.base/jdk.internal.reflect.NativeMethodAccessorImpl.invoke0(Native Method)
at java.base/jdk.internal.reflect.NativeMethodAccessorImpl.invoke(NativeMethodAccessorImpl.java:78)
at java.base/jdk.internal.reflect.DelegatingMethodAccessorImpl.invoke(DelegatingMethodAccessorImpl.java:43)
at java.base/java.lang.reflect.Method.invoke(Method.java:567)
at org.testng.internal.MethodInvocationHelper.invokeMethod(MethodInvocationHelper.java:133)
at org.testng.internal.MethodInvocationHelper.invokeMethodConsideringTimeout(MethodInvocationHelper.java:62)
at org.testng.internal.ConfigInvoker.invokeConfigurationMethod(ConfigInvoker.java:385)
at org.testng.internal.ConfigInvoker.invokeConfigurations(ConfigInvoker.java:321)
at org.testng.TestRunner.invokeTestConfigurations(TestRunner.java:637)
at org.testng.TestRunner.beforeRun(TestRunner.java:627)
at org.testng.TestRunner.run(TestRunner.java:589)
at org.testng.SuiteRunner.runTest(SuiteRunner.java:377)
at org.testng.SuiteRunner.runSequentially(SuiteRunner.java:371)
at org.testng.SuiteRunner.privateRun(SuiteRunner.java:332)
at org.testng.SuiteRunner.run(SuiteRunner.java:276)
at org.testng.SuiteRunnerWorker.runSuite(SuiteRunnerWorker.java:53)
at org.testng.SuiteRunnerWorker.run(SuiteRunnerWorker.java:96)
at org.testng.TestNG.runSuitesSequentially(TestNG.java:1212)
at org.testng.TestNG.runSuitesLocally(TestNG.java:1134)
at org.testng.TestNG.runSuites(TestNG.java:1063)
at org.testng.TestNG.run(TestNG.java:1031)
at org.testng.remote.AbstractRemoteTestNG.run(AbstractRemoteTestNG.java:115)
at org.testng.remote.RemoteTestNG.initAndRun(RemoteTestNG.java:251)
at org.testng.remote.RemoteTestNG.main(RemoteTestNG.java:77)
Caused by: java.util.concurrent.TimeoutException
at java.base/java.util.concurrent.CompletableFuture.timedGet(CompletableFuture.java:1956)
at java.base/java.util.concurrent.CompletableFuture.get(CompletableFuture.java:2091)
at org.asynchttpclient.netty.NettyResponseFuture.get(NettyResponseFuture.java:206)
at org.openqa.selenium.remote.http.netty.NettyHttpHandler.makeCall(NettyHttpHandler.java:66)
... 54 more
]]>
            </full-stacktrace>
          </exception> <!-- org.openqa.selenium.TimeoutException -->
          <reporter-output>
          </reporter-output>
        </test-method> <!-- Login1 -->
        <test-method signature="Login2()[pri:7, instance:TestCases.LoginTestCases@53ce1329]" started-at="2022-01-18T12:25:35 IST" name="Login2" finished-at="2022-01-18T12:25:35 IST" duration-ms="0" status="SKIP">
          <exception class="org.openqa.selenium.TimeoutException">
            <message>
              <![CDATA[java.util.concurrent.TimeoutException
Build info: version: '4.1.1', revision: 'e8fcc2cecf'
System info: host: 'DESKTOP-JPSNKQ1', ip: '192.168.43.151', os.name: 'Windows 10', os.arch: 'amd64', os.version: '10.0', java.version: '16.0.2'
Driver info: org.openqa.selenium.firefox.FirefoxDriver
Command: [88a4bbfc-e238-42e4-9351-1c3751454a9c, get {url=https://vehicle-admin.praivit.com/#/auth/login}]
Capabilities {acceptInsecureCerts: true, browserName: firefox, browserVersion: 96.0.1, javascriptEnabled: true, moz:accessibilityChecks: false, moz:buildID: 20220113185450, moz:debuggerAddress: localhost:53272, moz:geckodriverVersion: 0.30.0, moz:headless: false, moz:processID: 5300, moz:profile: C:\Users\jeeny\AppData\Loca..., moz:shutdownTimeout: 60000, moz:useNonSpecCompliantPointerOrigin: false, moz:webdriverClick: true, pageLoadStrategy: normal, platform: WINDOWS, platformName: WINDOWS, platformVersion: 10.0, proxy: Proxy(), se:cdp: ws://localhost:53272/devtoo..., se:cdpVersion: 85, setWindowRect: true, strictFileInteractability: false, timeouts: {implicit: 0, pageLoad: 300000, script: 30000}, unhandledPromptBehavior: dismiss and notify}
Session ID: 88a4bbfc-e238-42e4-9351-1c3751454a9c]]>
            </message>
            <full-stacktrace>
              <![CDATA[org.openqa.selenium.TimeoutException: java.util.concurrent.TimeoutException
Build info: version: '4.1.1', revision: 'e8fcc2cecf'
System info: host: 'DESKTOP-JPSNKQ1', ip: '192.168.43.151', os.name: 'Windows 10', os.arch: 'amd64', os.version: '10.0', java.version: '16.0.2'
Driver info: org.openqa.selenium.firefox.FirefoxDriver
Command: [88a4bbfc-e238-42e4-9351-1c3751454a9c, get {url=https://vehicle-admin.praivit.com/#/auth/login}]
Capabilities {acceptInsecureCerts: true, browserName: firefox, browserVersion: 96.0.1, javascriptEnabled: true, moz:accessibilityChecks: false, moz:buildID: 20220113185450, moz:debuggerAddress: localhost:53272, moz:geckodriverVersion: 0.30.0, moz:headless: false, moz:processID: 5300, moz:profile: C:\Users\jeeny\AppData\Loca..., moz:shutdownTimeout: 60000, moz:useNonSpecCompliantPointerOrigin: false, moz:webdriverClick: true, pageLoadStrategy: normal, platform: WINDOWS, platformName: WINDOWS, platformVersion: 10.0, proxy: Proxy(), se:cdp: ws://localhost:53272/devtoo..., se:cdpVersion: 85, setWindowRect: true, strictFileInteractability: false, timeouts: {implicit: 0, pageLoad: 300000, script: 30000}, unhandledPromptBehavior: dismiss and notify}
Session ID: 88a4bbfc-e238-42e4-9351-1c3751454a9c
at org.openqa.selenium.remote.http.netty.NettyHttpHandler.makeCall(NettyHttpHandler.java:72)
at org.openqa.selenium.remote.http.RetryRequest.lambda$apply$6(RetryRequest.java:83)
at net.jodah.failsafe.Functions.lambda$get$0(Functions.java:48)
at net.jodah.failsafe.RetryPolicyExecutor.lambda$supply$0(RetryPolicyExecutor.java:66)
at net.jodah.failsafe.RetryPolicyExecutor.lambda$supply$0(RetryPolicyExecutor.java:66)
at net.jodah.failsafe.RetryPolicyExecutor.lambda$supply$0(RetryPolicyExecutor.java:66)
at net.jodah.failsafe.Execution.executeSync(Execution.java:128)
at net.jodah.failsafe.FailsafeExecutor.call(FailsafeExecutor.java:379)
at net.jodah.failsafe.FailsafeExecutor.get(FailsafeExecutor.java:68)
at org.openqa.selenium.remote.http.RetryRequest.lambda$apply$7(RetryRequest.java:83)
at org.openqa.selenium.remote.http.AddSeleniumUserAgent.lambda$apply$0(AddSeleniumUserAgent.java:42)
at org.openqa.selenium.remote.http.Filter.lambda$andFinally$1(Filter.java:56)
at org.openqa.selenium.remote.http.netty.NettyHttpHandler.execute(NettyHttpHandler.java:51)
at org.openqa.selenium.remote.http.RetryRequest.lambda$apply$6(RetryRequest.java:83)
at net.jodah.failsafe.Functions.lambda$get$0(Functions.java:48)
at net.jodah.failsafe.RetryPolicyExecutor.lambda$supply$0(RetryPolicyExecutor.java:66)
at net.jodah.failsafe.RetryPolicyExecutor.lambda$supply$0(RetryPolicyExecutor.java:66)
at net.jodah.failsafe.RetryPolicyExecutor.lambda$supply$0(RetryPolicyExecutor.java:66)
at net.jodah.failsafe.Execution.executeSync(Execution.java:128)
at net.jodah.failsafe.FailsafeExecutor.call(FailsafeExecutor.java:379)
at net.jodah.failsafe.FailsafeExecutor.get(FailsafeExecutor.java:68)
at org.openqa.selenium.remote.http.RetryRequest.lambda$apply$7(RetryRequest.java:83)
at org.openqa.selenium.remote.http.AddSeleniumUserAgent.lambda$apply$0(AddSeleniumUserAgent.java:42)
at org.openqa.selenium.remote.http.Filter.lambda$andFinally$1(Filter.java:56)
at org.openqa.selenium.remote.http.netty.NettyClient.execute(NettyClient.java:110)
at org.openqa.selenium.remote.HttpCommandExecutor.execute(HttpCommandExecutor.java:181)
at org.openqa.selenium.remote.service.DriverCommandExecutor.invokeExecute(DriverCommandExecutor.java:167)
at org.openqa.selenium.remote.service.DriverCommandExecutor.execute(DriverCommandExecutor.java:142)
at org.openqa.selenium.remote.RemoteWebDriver.execute(RemoteWebDriver.java:543)
at org.openqa.selenium.remote.RemoteWebDriver.get(RemoteWebDriver.java:312)
at TestCases.LoginTestCases.openBrowser(LoginTestCases.java:53)
at java.base/jdk.internal.reflect.NativeMethodAccessorImpl.invoke0(Native Method)
at java.base/jdk.internal.reflect.NativeMethodAccessorImpl.invoke(NativeMethodAccessorImpl.java:78)
at java.base/jdk.internal.reflect.DelegatingMethodAccessorImpl.invoke(DelegatingMethodAccessorImpl.java:43)
at java.base/java.lang.reflect.Method.invoke(Method.java:567)
at org.testng.internal.MethodInvocationHelper.invokeMethod(MethodInvocationHelper.java:133)
at org.testng.internal.MethodInvocationHelper.invokeMethodConsideringTimeout(MethodInvocationHelper.java:62)
at org.testng.internal.ConfigInvoker.invokeConfigurationMethod(ConfigInvoker.java:385)
at org.testng.internal.ConfigInvoker.invokeConfigurations(ConfigInvoker.java:321)
at org.testng.TestRunner.invokeTestConfigurations(TestRunner.java:637)
at org.testng.TestRunner.beforeRun(TestRunner.java:627)
at org.testng.TestRunner.run(TestRunner.java:589)
at org.testng.SuiteRunner.runTest(SuiteRunner.java:377)
at org.testng.SuiteRunner.runSequentially(SuiteRunner.java:371)
at org.testng.SuiteRunner.privateRun(SuiteRunner.java:332)
at org.testng.SuiteRunner.run(SuiteRunner.java:276)
at org.testng.SuiteRunnerWorker.runSuite(SuiteRunnerWorker.java:53)
at org.testng.SuiteRunnerWorker.run(SuiteRunnerWorker.java:96)
at org.testng.TestNG.runSuitesSequentially(TestNG.java:1212)
at org.testng.TestNG.runSuitesLocally(TestNG.java:1134)
at org.testng.TestNG.runSuites(TestNG.java:1063)
at org.testng.TestNG.run(TestNG.java:1031)
at org.testng.remote.AbstractRemoteTestNG.run(AbstractRemoteTestNG.java:115)
at org.testng.remote.RemoteTestNG.initAndRun(RemoteTestNG.java:251)
at org.testng.remote.RemoteTestNG.main(RemoteTestNG.java:77)
Caused by: java.util.concurrent.TimeoutException
at java.base/java.util.concurrent.CompletableFuture.timedGet(CompletableFuture.java:1956)
at java.base/java.util.concurrent.CompletableFuture.get(CompletableFuture.java:2091)
at org.asynchttpclient.netty.NettyResponseFuture.get(NettyResponseFuture.java:206)
at org.openqa.selenium.remote.http.netty.NettyHttpHandler.makeCall(NettyHttpHandler.java:66)
... 54 more
]]>
            </full-stacktrace>
          </exception> <!-- org.openqa.selenium.TimeoutException -->
          <reporter-output>
          </reporter-output>
        </test-method> <!-- Login2 -->
        <test-method is-config="true" signature="quit()[pri:0, instance:TestCases.LoginTestCases@53ce1329]" started-at="2022-01-18T12:25:35 IST" name="quit" finished-at="1970-01-01T05:30:00 IST" duration-ms="-1642488935295" status="SKIP">
          <reporter-output>
          </reporter-output>
        </test-method> <!-- quit -->
      </class> <!-- TestCases.LoginTestCases -->
    </test> <!-- Default test -->
  </suite> <!-- Default suite -->
</testng-results>
